This is pdfTeX, Version 3.141592653-2.6-1.40.22 (TeX Live 2022/dev/Debian) (preloaded format=pdflatex 2025.9.8)  8 SEP 2025 19:22
entering extended mode
 restricted \write18 enabled.
 file:line:error style messages enabled.
 %&-line parsing enabled.
**/home/david/tesis_ws/src/ur5_simulation/Tesis_Doc/main.tex
(/home/david/tesis_ws/src/ur5_simulation/Tesis_Doc/main.tex
LaTeX2e <2021-11-15> patch level 1
L3 programming layer <2022-01-21> (./tesisutec.cls
Document Class: tesisutec 
(/usr/share/texlive/texmf-dist/tex/latex/base/book.cls
Document Class: book 2021/10/04 v1.4n Standard LaTeX document class
(/usr/share/texlive/texmf-dist/tex/latex/base/bk12.clo
File: bk12.clo 2021/10/04 v1.4n Standard LaTeX file (size option)
)
\c@part=\count185
\c@chapter=\count186
\c@section=\count187
\c@subsection=\count188
\c@subsubsection=\count189
\c@paragraph=\count190
\c@subparagraph=\count191
\c@figure=\count192
\c@table=\count193
\abovecaptionskip=\skip47
\belowcaptionskip=\skip48
\bibindent=\dimen138
) (/usr/share/texlive/texmf-dist/tex/latex/base/inputenc.sty
Package: inputenc 2021/02/14 v1.3d Input encoding file
\inpenc@prehook=\toks16
\inpenc@posthook=\toks17
) (/usr/share/texlive/texmf-dist/tex/generic/babel/babel.sty
Package: babel 2022/01/26 3.70 The Babel package
\babel@savecnt=\count194
\U@D=\dimen139
\l@unhyphenated=\language3
 (/usr/share/texlive/texmf-dist/tex/generic/babel/txtbabel.def)
\bbl@readstream=\read2
\bbl@dirlevel=\count195
 (/usr/share/texlive/texmf-dist/tex/generic/babel-english/english.ldf
Language: english 2017/06/06 v3.3r English support from the babel system
Package babel Info: Hyphen rules for 'british' set to \l@english
(babel)             (\language0). Reported on input line 82.
Package babel Info: Hyphen rules for 'UKenglish' set to \l@english
(babel)             (\language0). Reported on input line 83.
Package babel Info: Hyphen rules for 'canadian' set to \l@english
(babel)             (\language0). Reported on input line 102.
Package babel Info: Hyphen rules for 'australian' set to \l@english
(babel)             (\language0). Reported on input line 105.
Package babel Info: Hyphen rules for 'newzealand' set to \l@english
(babel)             (\language0). Reported on input line 108.
) (/usr/share/texlive/texmf-dist/tex/generic/babel-spanish/spanish.ldf
Language: spanish.ldf 2021/05/27 v5.0q Spanish support from the babel system


Package babel Warning: No hyphenation patterns were preloaded for
(babel)                the language 'Spanish' into the format.
(babel)                Please, configure your TeX system to add them and
(babel)                rebuild the format. Now I will use the patterns
(babel)                preloaded for \language=0 instead on input line 51.

Package babel Info: Hyphen rules for 'spanish' set to \l@english
(babel)             (\language0). Reported on input line 52.
\es@quottoks=\toks18
\es@quotdepth=\count196
Package babel Info: Making " an active character on input line 570.
Package babel Info: Making < an active character on input line 722.
Package babel Info: Making > an active character on input line 722.
)) (/usr/share/texlive/texmf-dist/tex/latex/titlesec/titlesec.sty
Package: titlesec 2021/07/05 v2.14 Sectioning titles
\ttl@box=\box50
\beforetitleunit=\skip49
\aftertitleunit=\skip50
\ttl@plus=\dimen140
\ttl@minus=\dimen141
\ttl@toksa=\toks19
\titlewidth=\dimen142
\titlewidthlast=\dimen143
\titlewidthfirst=\dimen144
) (/usr/share/texlive/texmf-dist/tex/latex/tocloft/tocloft.sty
Package: tocloft 2017/08/31 v2.3i parameterised ToC, etc., typesetting
Package tocloft Info: The document has chapter divisions on input line 51.
\cftparskip=\skip51
\cftbeforetoctitleskip=\skip52
\cftaftertoctitleskip=\skip53
\cftbeforepartskip=\skip54
\cftpartnumwidth=\skip55
\cftpartindent=\skip56
\cftbeforechapskip=\skip57
\cftchapindent=\skip58
\cftchapnumwidth=\skip59
\cftbeforesecskip=\skip60
\cftsecindent=\skip61
\cftsecnumwidth=\skip62
\cftbeforesubsecskip=\skip63
\cftsubsecindent=\skip64
\cftsubsecnumwidth=\skip65
\cftbeforesubsubsecskip=\skip66
\cftsubsubsecindent=\skip67
\cftsubsubsecnumwidth=\skip68
\cftbeforeparaskip=\skip69
\cftparaindent=\skip70
\cftparanumwidth=\skip71
\cftbeforesubparaskip=\skip72
\cftsubparaindent=\skip73
\cftsubparanumwidth=\skip74
\cftbeforeloftitleskip=\skip75
\cftafterloftitleskip=\skip76
\cftbeforefigskip=\skip77
\cftfigindent=\skip78
\cftfignumwidth=\skip79
\cftbeforelottitleskip=\skip80
\cftafterlottitleskip=\skip81
\cftbeforetabskip=\skip82
\cfttabindent=\skip83
\cfttabnumwidth=\skip84
\cftbeforesubfigskip=\skip85
\cftsubfigindent=\skip86
\cftsubfignumwidth=\skip87
\cftbeforesubtabskip=\skip88
\cftsubtabindent=\skip89
\cftsubtabnumwidth=\skip90
)
\c@dummy=\count197
 (/usr/share/texlive/texmf-dist/tex/latex/setspace/setspace.sty
Package: setspace 2011/12/19 v6.7a set line spacing
) (/usr/share/texlive/texmf-dist/tex/latex/vmargin/vmargin.sty
Package: vmargin 2004/07/15 V2.5 set document margins (VK)

Package: vmargin 2004/07/15 V2.5 set document margins (VK)
\PaperWidth=\dimen145
\PaperHeight=\dimen146
) (/usr/share/texlive/texmf-dist/tex/latex/fancyhdr/fancyhdr.sty
Package: fancyhdr 2021/01/28 v4.0.1 Extensive control of page headers and footers
\f@nch@headwidth=\skip91
\f@nch@O@elh=\skip92
\f@nch@O@erh=\skip93
\f@nch@O@olh=\skip94
\f@nch@O@orh=\skip95
\f@nch@O@elf=\skip96
\f@nch@O@erf=\skip97
\f@nch@O@olf=\skip98
\f@nch@O@orf=\skip99
) (/usr/share/texlive/texmf-dist/tex/latex/amsmath/amsmath.sty
Package: amsmath 2021/10/15 v2.17l AMS math features
\@mathmargin=\skip100

For additional information on amsmath, use the `?' option.
(/usr/share/texlive/texmf-dist/tex/latex/amsmath/amstext.sty
Package: amstext 2021/08/26 v2.01 AMS text
 (/usr/share/texlive/texmf-dist/tex/latex/amsmath/amsgen.sty
File: amsgen.sty 1999/11/30 v2.0 generic functions
\@emptytoks=\toks20
\ex@=\dimen147
)) (/usr/share/texlive/texmf-dist/tex/latex/amsmath/amsbsy.sty
Package: amsbsy 1999/11/29 v1.2d Bold Symbols
\pmbraise@=\dimen148
) (/usr/share/texlive/texmf-dist/tex/latex/amsmath/amsopn.sty
Package: amsopn 2021/08/26 v2.02 operator names
)
\inf@bad=\count198
LaTeX Info: Redefining \frac on input line 234.
\uproot@=\count199
\leftroot@=\count266
LaTeX Info: Redefining \overline on input line 399.
\classnum@=\count267
\DOTSCASE@=\count268
LaTeX Info: Redefining \ldots on input line 496.
LaTeX Info: Redefining \dots on input line 499.
LaTeX Info: Redefining \cdots on input line 620.
\Mathstrutbox@=\box51
\strutbox@=\box52
\big@size=\dimen149
LaTeX Font Info:    Redeclaring font encoding OML on input line 743.
LaTeX Font Info:    Redeclaring font encoding OMS on input line 744.
\macc@depth=\count269
\c@MaxMatrixCols=\count270
\dotsspace@=\muskip16
\c@parentequation=\count271
\dspbrk@lvl=\count272
\tag@help=\toks21
\row@=\count273
\column@=\count274
\maxfields@=\count275
\andhelp@=\toks22
\eqnshift@=\dimen150
\alignsep@=\dimen151
\tagshift@=\dimen152
\tagwidth@=\dimen153
\totwidth@=\dimen154
\lineht@=\dimen155
\@envbody=\toks23
\multlinegap=\skip101
\multlinetaggap=\skip102
\mathdisplay@stack=\toks24
LaTeX Info: Redefining \[ on input line 2938.
LaTeX Info: Redefining \] on input line 2939.
) (/usr/share/texlive/texmf-dist/tex/latex/amsfonts/amsfonts.sty
Package: amsfonts 2013/01/14 v3.01 Basic AMSFonts support
\symAMSa=\mathgroup4
\symAMSb=\mathgroup5
LaTeX Font Info:    Redeclaring math symbol \hbar on input line 98.
LaTeX Font Info:    Overwriting math alphabet `\mathfrak' in version `bold'
(Font)                  U/euf/m/n --> U/euf/b/n on input line 106.
) (/usr/share/texlive/texmf-dist/tex/latex/amsfonts/amssymb.sty
Package: amssymb 2013/01/14 v3.01 AMS font symbols
) (/usr/share/texlive/texmf-dist/tex/latex/amsmath/amscd.sty
Package: amscd 2017/04/14 v2.1 AMS Commutative Diagrams
\athelp@=\toks25
\minaw@=\dimen156
\bigaw@=\dimen157
\minCDarrowwidth=\dimen158
) (/usr/share/texlive/texmf-dist/tex/latex/amscls/amsthm.sty
Package: amsthm 2020/05/29 v2.20.6
\thm@style=\toks26
\thm@bodyfont=\toks27
\thm@headfont=\toks28
\thm@notefont=\toks29
\thm@headpunct=\toks30
\thm@preskip=\skip103
\thm@postskip=\skip104
\thm@headsep=\skip105
\dth@everypar=\toks31
) (/usr/share/texlive/texmf-dist/tex/latex/tools/xspace.sty
Package: xspace 2014/10/28 v1.13 Space after command names (DPC,MH)
)
\c@example=\count276
\c@theorem=\count277
 (/usr/share/texlive/texmf-dist/tex/latex/caption/caption.sty
Package: caption 2020/10/26 v3.5g Customizing captions (AR)
 (/usr/share/texlive/texmf-dist/tex/latex/caption/caption3.sty
Package: caption3 2020/10/21 v2.2e caption3 kernel (AR)
 (/usr/share/texlive/texmf-dist/tex/latex/graphics/keyval.sty
Package: keyval 2014/10/28 v1.15 key=value parser (DPC)
\KV@toks@=\toks32
)
\captionmargin=\dimen159
\captionmargin@=\dimen160
\captionwidth=\dimen161
\caption@tempdima=\dimen162
\caption@indent=\dimen163
\caption@parindent=\dimen164
\caption@hangindent=\dimen165
Package caption Info: Standard document class detected.
)
\c@caption@flags=\count278
\c@continuedfloat=\count279
) (/usr/share/texlive/texmf-dist/tex/latex/graphics/graphicx.sty
Package: graphicx 2021/09/16 v1.2d Enhanced LaTeX Graphics (DPC,SPQR)
 (/usr/share/texlive/texmf-dist/tex/latex/graphics/graphics.sty
Package: graphics 2021/03/04 v1.4d Standard LaTeX Graphics (DPC,SPQR)
 (/usr/share/texlive/texmf-dist/tex/latex/graphics/trig.sty
Package: trig 2021/08/11 v1.11 sin cos tan (DPC)
) (/usr/share/texlive/texmf-dist/tex/latex/graphics-cfg/graphics.cfg
File: graphics.cfg 2016/06/04 v1.11 sample graphics configuration
)
Package graphics Info: Driver file: pdftex.def on input line 107.
 (/usr/share/texlive/texmf-dist/tex/latex/graphics-def/pdftex.def
File: pdftex.def 2020/10/05 v1.2a Graphics/color driver for pdftex
))
\Gin@req@height=\dimen166
\Gin@req@width=\dimen167
) (/usr/share/texlive/texmf-dist/tex/latex/epstopdf-pkg/epstopdf.sty
Package: epstopdf 2020-01-24 v2.11 Conversion with epstopdf on the fly (HO)
 (/usr/share/texlive/texmf-dist/tex/generic/infwarerr/infwarerr.sty
Package: infwarerr 2019/12/03 v1.5 Providing info/warning/error messages (HO)
) (/usr/share/texlive/texmf-dist/tex/latex/grfext/grfext.sty
Package: grfext 2019/12/03 v1.3 Manage graphics extensions (HO)
 (/usr/share/texlive/texmf-dist/tex/generic/kvdefinekeys/kvdefinekeys.sty
Package: kvdefinekeys 2019-12-19 v1.6 Define keys (HO)
)) (/usr/share/texlive/texmf-dist/tex/latex/kvoptions/kvoptions.sty
Package: kvoptions 2020-10-07 v3.14 Key value format for package options (HO)
 (/usr/share/texlive/texmf-dist/tex/generic/ltxcmds/ltxcmds.sty
Package: ltxcmds 2020-05-10 v1.25 LaTeX kernel commands for general use (HO)
) (/usr/share/texlive/texmf-dist/tex/generic/kvsetkeys/kvsetkeys.sty
Package: kvsetkeys 2019/12/15 v1.18 Key value parser (HO)
)) (/usr/share/texlive/texmf-dist/tex/generic/pdftexcmds/pdftexcmds.sty
Package: pdftexcmds 2020-06-27 v0.33 Utility functions of pdfTeX for LuaTeX (HO)
 (/usr/share/texlive/texmf-dist/tex/generic/iftex/iftex.sty
Package: iftex 2020/03/06 v1.0d TeX engine tests
)
Package pdftexcmds Info: \pdf@primitive is available.
Package pdftexcmds Info: \pdf@ifprimitive is available.
Package pdftexcmds Info: \pdfdraftmode found.
) (/usr/share/texlive/texmf-dist/tex/latex/epstopdf-pkg/epstopdf-base.sty
Package: epstopdf-base 2020-01-24 v2.11 Base part for package epstopdf
Package epstopdf-base Info: Redefining graphics rule for `.eps' on input line 485.
Package grfext Info: Graphics extension search list:
(grfext)             [.pdf,.png,.jpg,.mps,.jpeg,.jbig2,.jb2,.PDF,.PNG,.JPG,.JPEG,.JBIG2,.JB2,.eps]
(grfext)             \AppendGraphicsExtensions on input line 504.
 (/usr/share/texlive/texmf-dist/tex/latex/latexconfig/epstopdf-sys.cfg
File: epstopdf-sys.cfg 2010/07/13 v1.3 Configuration of (r)epstopdf for TeX Live
))) (/usr/share/texlive/texmf-dist/tex/latex/subfigure/subfigure.sty
Package: subfigure 2002/03/15 v2.1.5 subfigure package
\subfigtopskip=\skip106
\subfigcapskip=\skip107
\subfigcaptopadj=\dimen168
\subfigbottomskip=\skip108
\subfigcapmargin=\dimen169
\subfiglabelskip=\skip109
\c@subfigure=\count280
\c@lofdepth=\count281
\c@subtable=\count282
\c@lotdepth=\count283

****************************************
* Local config file subfigure.cfg used *
****************************************
(/usr/share/texlive/texmf-dist/tex/latex/subfigure/subfigure.cfg)
\subfig@top=\skip110
\subfig@bottom=\skip111
) (/usr/share/texlive/texmf-dist/tex/latex/booktabs/booktabs.sty
Package: booktabs 2020/01/12 v1.61803398 Publication quality tables
\heavyrulewidth=\dimen170
\lightrulewidth=\dimen171
\cmidrulewidth=\dimen172
\belowrulesep=\dimen173
\belowbottomsep=\dimen174
\aboverulesep=\dimen175
\abovetopsep=\dimen176
\cmidrulesep=\dimen177
\cmidrulekern=\dimen178
\defaultaddspace=\dimen179
\@cmidla=\count284
\@cmidlb=\count285
\@aboverulesep=\dimen180
\@belowrulesep=\dimen181
\@thisruleclass=\count286
\@lastruleclass=\count287
\@thisrulewidth=\dimen182
) (/usr/share/texlive/texmf-dist/tex/latex/graphics/rotating.sty
Package: rotating 2016/08/11 v2.16d rotated objects in LaTeX
 (/usr/share/texlive/texmf-dist/tex/latex/base/ifthen.sty
Package: ifthen 2020/11/24 v1.1c Standard LaTeX ifthen package (DPC)
)
\c@r@tfl@t=\count288
\rotFPtop=\skip112
\rotFPbot=\skip113
\rot@float@box=\box53
\rot@mess@toks=\toks33
) (/usr/share/texlive/texmf-dist/tex/latex/listings/listings.sty
\lst@mode=\count289
\lst@gtempboxa=\box54
\lst@token=\toks34
\lst@length=\count290
\lst@currlwidth=\dimen183
\lst@column=\count291
\lst@pos=\count292
\lst@lostspace=\dimen184
\lst@width=\dimen185
\lst@newlines=\count293
\lst@lineno=\count294
\lst@maxwidth=\dimen186
 (/usr/share/texlive/texmf-dist/tex/latex/listings/lstmisc.sty
File: lstmisc.sty 2020/03/24 1.8d (Carsten Heinz)
\c@lstnumber=\count295
\lst@skipnumbers=\count296
\lst@framebox=\box55
) (/usr/share/texlive/texmf-dist/tex/latex/listings/listings.cfg
File: listings.cfg 2020/03/24 1.8d listings configuration
))
Package: listings 2020/03/24 1.8d (Carsten Heinz)
 (/usr/share/texlive/texmf-dist/tex/latex/hyperref/hyperref.sty
Package: hyperref 2021-06-07 v7.00m Hypertext links for LaTeX
 (/usr/share/texlive/texmf-dist/tex/generic/pdfescape/pdfescape.sty
Package: pdfescape 2019/12/09 v1.15 Implements pdfTeX's escape features (HO)
) (/usr/share/texlive/texmf-dist/tex/latex/hycolor/hycolor.sty
Package: hycolor 2020-01-27 v1.10 Color options for hyperref/bookmark (HO)
) (/usr/share/texlive/texmf-dist/tex/latex/letltxmacro/letltxmacro.sty
Package: letltxmacro 2019/12/03 v1.6 Let assignment for LaTeX macros (HO)
) (/usr/share/texlive/texmf-dist/tex/latex/auxhook/auxhook.sty
Package: auxhook 2019-12-17 v1.6 Hooks for auxiliary files (HO)
)
\@linkdim=\dimen187
\Hy@linkcounter=\count297
\Hy@pagecounter=\count298
 (/usr/share/texlive/texmf-dist/tex/latex/hyperref/pd1enc.def
File: pd1enc.def 2021-06-07 v7.00m Hyperref: PDFDocEncoding definition (HO)
Now handling font encoding PD1 ...
... no UTF-8 mapping file for font encoding PD1
) (/usr/share/texlive/texmf-dist/tex/latex/hyperref/hyperref-langpatches.def
File: hyperref-langpatches.def 2021-06-07 v7.00m Hyperref: patches for babel languages
) (/usr/share/texlive/texmf-dist/tex/generic/intcalc/intcalc.sty
Package: intcalc 2019/12/15 v1.3 Expandable calculations with integers (HO)
) (/usr/share/texlive/texmf-dist/tex/generic/etexcmds/etexcmds.sty
Package: etexcmds 2019/12/15 v1.7 Avoid name clashes with e-TeX commands (HO)
)
\Hy@SavedSpaceFactor=\count299
 (/usr/share/texlive/texmf-dist/tex/latex/hyperref/puenc.def
File: puenc.def 2021-06-07 v7.00m Hyperref: PDF Unicode definition (HO)
Now handling font encoding PU ...
... no UTF-8 mapping file for font encoding PU
)
Package hyperref Info: Option `bookmarks' set `true' on input line 4073.
Package hyperref Info: Option `bookmarksopen' set `true' on input line 4073.
Package hyperref Info: Option `bookmarksnumbered' set `true' on input line 4073.
Package hyperref Info: Option `hypertexnames' set `false' on input line 4073.
Package hyperref Info: Option `colorlinks' set `true' on input line 4073.
Package hyperref Info: Option `unicode' set `true' on input line 4073.
Package hyperref Info: Option `breaklinks' set `true' on input line 4073.
Package hyperref Info: Hyper figures OFF on input line 4192.
Package hyperref Info: Link nesting OFF on input line 4197.
Package hyperref Info: Hyper index ON on input line 4200.
Package hyperref Info: Plain pages OFF on input line 4207.
Package hyperref Info: Backreferencing OFF on input line 4212.
Package hyperref Info: Implicit mode ON; LaTeX internals redefined.
Package hyperref Info: Bookmarks ON on input line 4445.
\c@Hy@tempcnt=\count300
 (/usr/share/texlive/texmf-dist/tex/latex/url/url.sty
\Urlmuskip=\muskip17
Package: url 2013/09/16  ver 3.4  Verb mode for urls, etc.
)
LaTeX Info: Redefining \url on input line 4804.
\XeTeXLinkMargin=\dimen188
 (/usr/share/texlive/texmf-dist/tex/generic/bitset/bitset.sty
Package: bitset 2019/12/09 v1.3 Handle bit-vector datatype (HO)
 (/usr/share/texlive/texmf-dist/tex/generic/bigintcalc/bigintcalc.sty
Package: bigintcalc 2019/12/15 v1.5 Expandable calculations on big integers (HO)
))
\Fld@menulength=\count301
\Field@Width=\dimen189
\Fld@charsize=\dimen190
Package hyperref Info: Hyper figures OFF on input line 6076.
Package hyperref Info: Link nesting OFF on input line 6081.
Package hyperref Info: Hyper index ON on input line 6084.
Package hyperref Info: backreferencing OFF on input line 6091.
Package hyperref Info: Link coloring ON on input line 6094.
Package hyperref Info: Link coloring with OCG OFF on input line 6101.
Package hyperref Info: PDF/A mode OFF on input line 6106.
LaTeX Info: Redefining \ref on input line 6146.
LaTeX Info: Redefining \pageref on input line 6150.
 (/usr/share/texlive/texmf-dist/tex/latex/base/atbegshi-ltx.sty
Package: atbegshi-ltx 2021/01/10 v1.0c Emulation of the original atbegshi
package with kernel methods
)
\Hy@abspage=\count302
\c@Item=\count303
\c@Hfootnote=\count304
)
Package hyperref Info: Driver (autodetected): hpdftex.
 (/usr/share/texlive/texmf-dist/tex/latex/hyperref/hpdftex.def
File: hpdftex.def 2021-06-07 v7.00m Hyperref driver for pdfTeX
 (/usr/share/texlive/texmf-dist/tex/latex/base/atveryend-ltx.sty
Package: atveryend-ltx 2020/08/19 v1.0a Emulation of the original atveryend package
with kernel methods
)
\Fld@listcount=\count305
\c@bookmark@seq@number=\count306
 (/usr/share/texlive/texmf-dist/tex/latex/rerunfilecheck/rerunfilecheck.sty
Package: rerunfilecheck 2019/12/05 v1.9 Rerun checks for auxiliary files (HO)
 (/usr/share/texlive/texmf-dist/tex/generic/uniquecounter/uniquecounter.sty
Package: uniquecounter 2019/12/15 v1.4 Provide unlimited unique counter (HO)
)
Package uniquecounter Info: New unique counter `rerunfilecheck' on input line 286.
)
\Hy@SectionHShift=\skip114
))
LaTeX Info: Redefining \. on input line 12.
LaTeX Info: Redefining \% on input line 12.
 (/usr/share/texlive/texmf-dist/tex/latex/pgf/frontendlayer/tikz.sty (/usr/share/texlive/texmf-dist/tex/latex/pgf/basiclayer/pgf.sty (/usr/share/texlive/texmf-dist/tex/latex/pgf/utilities/pgfrcs.sty (/usr/share/texlive/texmf-dist/tex/generic/pgf/utilities/pgfutil-common.tex
\pgfutil@everybye=\toks35
\pgfutil@tempdima=\dimen191
\pgfutil@tempdimb=\dimen192
 (/usr/share/texlive/texmf-dist/tex/generic/pgf/utilities/pgfutil-common-lists.tex)) (/usr/share/texlive/texmf-dist/tex/generic/pgf/utilities/pgfutil-latex.def
\pgfutil@abb=\box56
) (/usr/share/texlive/texmf-dist/tex/generic/pgf/utilities/pgfrcs.code.tex (/usr/share/texlive/texmf-dist/tex/generic/pgf/pgf.revision.tex)
Package: pgfrcs 2021/05/15 v3.1.9a (3.1.9a)
))
Package: pgf 2021/05/15 v3.1.9a (3.1.9a)
 (/usr/share/texlive/texmf-dist/tex/latex/pgf/basiclayer/pgfcore.sty (/usr/share/texlive/texmf-dist/tex/latex/pgf/systemlayer/pgfsys.sty (/usr/share/texlive/texmf-dist/tex/generic/pgf/systemlayer/pgfsys.code.tex
Package: pgfsys 2021/05/15 v3.1.9a (3.1.9a)
 (/usr/share/texlive/texmf-dist/tex/generic/pgf/utilities/pgfkeys.code.tex
\pgfkeys@pathtoks=\toks36
\pgfkeys@temptoks=\toks37
 (/usr/share/texlive/texmf-dist/tex/generic/pgf/utilities/pgfkeysfiltered.code.tex
\pgfkeys@tmptoks=\toks38
))
\pgf@x=\dimen193
\pgf@y=\dimen194
\pgf@xa=\dimen195
\pgf@ya=\dimen196
\pgf@xb=\dimen197
\pgf@yb=\dimen198
\pgf@xc=\dimen199
\pgf@yc=\dimen256
\pgf@xd=\dimen257
\pgf@yd=\dimen258
\w@pgf@writea=\write3
\r@pgf@reada=\read3
\c@pgf@counta=\count307
\c@pgf@countb=\count308
\c@pgf@countc=\count309
\c@pgf@countd=\count310
\t@pgf@toka=\toks39
\t@pgf@tokb=\toks40
\t@pgf@tokc=\toks41
\pgf@sys@id@count=\count311
 (/usr/share/texlive/texmf-dist/tex/generic/pgf/systemlayer/pgf.cfg
File: pgf.cfg 2021/05/15 v3.1.9a (3.1.9a)
)
Driver file for pgf: pgfsys-pdftex.def
 (/usr/share/texlive/texmf-dist/tex/generic/pgf/systemlayer/pgfsys-pdftex.def
File: pgfsys-pdftex.def 2021/05/15 v3.1.9a (3.1.9a)
 (/usr/share/texlive/texmf-dist/tex/generic/pgf/systemlayer/pgfsys-common-pdf.def
File: pgfsys-common-pdf.def 2021/05/15 v3.1.9a (3.1.9a)
))) (/usr/share/texlive/texmf-dist/tex/generic/pgf/systemlayer/pgfsyssoftpath.code.tex
File: pgfsyssoftpath.code.tex 2021/05/15 v3.1.9a (3.1.9a)
\pgfsyssoftpath@smallbuffer@items=\count312
\pgfsyssoftpath@bigbuffer@items=\count313
) (/usr/share/texlive/texmf-dist/tex/generic/pgf/systemlayer/pgfsysprotocol.code.tex
File: pgfsysprotocol.code.tex 2021/05/15 v3.1.9a (3.1.9a)
)) (/usr/share/texlive/texmf-dist/tex/latex/xcolor/xcolor.sty
Package: xcolor 2021/10/31 v2.13 LaTeX color extensions (UK)
 (/usr/share/texlive/texmf-dist/tex/latex/graphics-cfg/color.cfg
File: color.cfg 2016/01/02 v1.6 sample color configuration
)
Package xcolor Info: Driver file: pdftex.def on input line 227.
Package xcolor Info: Model `cmy' substituted by `cmy0' on input line 1352.
Package xcolor Info: Model `hsb' substituted by `rgb' on input line 1356.
Package xcolor Info: Model `RGB' extended on input line 1368.
Package xcolor Info: Model `HTML' substituted by `rgb' on input line 1370.
Package xcolor Info: Model `Hsb' substituted by `hsb' on input line 1371.
Package xcolor Info: Model `tHsb' substituted by `hsb' on input line 1372.
Package xcolor Info: Model `HSB' substituted by `hsb' on input line 1373.
Package xcolor Info: Model `Gray' substituted by `gray' on input line 1374.
Package xcolor Info: Model `wave' substituted by `hsb' on input line 1375.
) (/usr/share/texlive/texmf-dist/tex/generic/pgf/basiclayer/pgfcore.code.tex
Package: pgfcore 2021/05/15 v3.1.9a (3.1.9a)
 (/usr/share/texlive/texmf-dist/tex/generic/pgf/math/pgfmath.code.tex (/usr/share/texlive/texmf-dist/tex/generic/pgf/math/pgfmathcalc.code.tex (/usr/share/texlive/texmf-dist/tex/generic/pgf/math/pgfmathutil.code.tex) (/usr/share/texlive/texmf-dist/tex/generic/pgf/math/pgfmathparser.code.tex
\pgfmath@dimen=\dimen259
\pgfmath@count=\count314
\pgfmath@box=\box57
\pgfmath@toks=\toks42
\pgfmath@stack@operand=\toks43
\pgfmath@stack@operation=\toks44
) (/usr/share/texlive/texmf-dist/tex/generic/pgf/math/pgfmathfunctions.code.tex (/usr/share/texlive/texmf-dist/tex/generic/pgf/math/pgfmathfunctions.basic.code.tex) (/usr/share/texlive/texmf-dist/tex/generic/pgf/math/pgfmathfunctions.trigonometric.code.tex) (/usr/share/texlive/texmf-dist/tex/generic/pgf/math/pgfmathfunctions.random.code.tex) (/usr/share/texlive/texmf-dist/tex/generic/pgf/math/pgfmathfunctions.comparison.code.tex) (/usr/share/texlive/texmf-dist/tex/generic/pgf/math/pgfmathfunctions.base.code.tex) (/usr/share/texlive/texmf-dist/tex/generic/pgf/math/pgfmathfunctions.round.code.tex) (/usr/share/texlive/texmf-dist/tex/generic/pgf/math/pgfmathfunctions.misc.code.tex) (/usr/share/texlive/texmf-dist/tex/generic/pgf/math/pgfmathfunctions.integerarithmetics.code.tex))) (/usr/share/texlive/texmf-dist/tex/generic/pgf/math/pgfmathfloat.code.tex
\c@pgfmathroundto@lastzeros=\count315
)) (/usr/share/texlive/texmf-dist/tex/generic/pgf/math/pgfint.code.tex) (/usr/share/texlive/texmf-dist/tex/generic/pgf/basiclayer/pgfcorepoints.code.tex
File: pgfcorepoints.code.tex 2021/05/15 v3.1.9a (3.1.9a)
\pgf@picminx=\dimen260
\pgf@picmaxx=\dimen261
\pgf@picminy=\dimen262
\pgf@picmaxy=\dimen263
\pgf@pathminx=\dimen264
\pgf@pathmaxx=\dimen265
\pgf@pathminy=\dimen266
\pgf@pathmaxy=\dimen267
\pgf@xx=\dimen268
\pgf@xy=\dimen269
\pgf@yx=\dimen270
\pgf@yy=\dimen271
\pgf@zx=\dimen272
\pgf@zy=\dimen273
) (/usr/share/texlive/texmf-dist/tex/generic/pgf/basiclayer/pgfcorepathconstruct.code.tex
File: pgfcorepathconstruct.code.tex 2021/05/15 v3.1.9a (3.1.9a)
\pgf@path@lastx=\dimen274
\pgf@path@lasty=\dimen275
) (/usr/share/texlive/texmf-dist/tex/generic/pgf/basiclayer/pgfcorepathusage.code.tex
File: pgfcorepathusage.code.tex 2021/05/15 v3.1.9a (3.1.9a)
\pgf@shorten@end@additional=\dimen276
\pgf@shorten@start@additional=\dimen277
) (/usr/share/texlive/texmf-dist/tex/generic/pgf/basiclayer/pgfcorescopes.code.tex
File: pgfcorescopes.code.tex 2021/05/15 v3.1.9a (3.1.9a)
\pgfpic=\box58
\pgf@hbox=\box59
\pgf@layerbox@main=\box60
\pgf@picture@serial@count=\count316
) (/usr/share/texlive/texmf-dist/tex/generic/pgf/basiclayer/pgfcoregraphicstate.code.tex
File: pgfcoregraphicstate.code.tex 2021/05/15 v3.1.9a (3.1.9a)
\pgflinewidth=\dimen278
) (/usr/share/texlive/texmf-dist/tex/generic/pgf/basiclayer/pgfcoretransformations.code.tex
File: pgfcoretransformations.code.tex 2021/05/15 v3.1.9a (3.1.9a)
\pgf@pt@x=\dimen279
\pgf@pt@y=\dimen280
\pgf@pt@temp=\dimen281
) (/usr/share/texlive/texmf-dist/tex/generic/pgf/basiclayer/pgfcorequick.code.tex
File: pgfcorequick.code.tex 2021/05/15 v3.1.9a (3.1.9a)
) (/usr/share/texlive/texmf-dist/tex/generic/pgf/basiclayer/pgfcoreobjects.code.tex
File: pgfcoreobjects.code.tex 2021/05/15 v3.1.9a (3.1.9a)
) (/usr/share/texlive/texmf-dist/tex/generic/pgf/basiclayer/pgfcorepathprocessing.code.tex
File: pgfcorepathprocessing.code.tex 2021/05/15 v3.1.9a (3.1.9a)
) (/usr/share/texlive/texmf-dist/tex/generic/pgf/basiclayer/pgfcorearrows.code.tex
File: pgfcorearrows.code.tex 2021/05/15 v3.1.9a (3.1.9a)
\pgfarrowsep=\dimen282
) (/usr/share/texlive/texmf-dist/tex/generic/pgf/basiclayer/pgfcoreshade.code.tex
File: pgfcoreshade.code.tex 2021/05/15 v3.1.9a (3.1.9a)
\pgf@max=\dimen283
\pgf@sys@shading@range@num=\count317
\pgf@shadingcount=\count318
) (/usr/share/texlive/texmf-dist/tex/generic/pgf/basiclayer/pgfcoreimage.code.tex
File: pgfcoreimage.code.tex 2021/05/15 v3.1.9a (3.1.9a)
 (/usr/share/texlive/texmf-dist/tex/generic/pgf/basiclayer/pgfcoreexternal.code.tex
File: pgfcoreexternal.code.tex 2021/05/15 v3.1.9a (3.1.9a)
\pgfexternal@startupbox=\box61
)) (/usr/share/texlive/texmf-dist/tex/generic/pgf/basiclayer/pgfcorelayers.code.tex
File: pgfcorelayers.code.tex 2021/05/15 v3.1.9a (3.1.9a)
) (/usr/share/texlive/texmf-dist/tex/generic/pgf/basiclayer/pgfcoretransparency.code.tex
File: pgfcoretransparency.code.tex 2021/05/15 v3.1.9a (3.1.9a)
) (/usr/share/texlive/texmf-dist/tex/generic/pgf/basiclayer/pgfcorepatterns.code.tex
File: pgfcorepatterns.code.tex 2021/05/15 v3.1.9a (3.1.9a)
) (/usr/share/texlive/texmf-dist/tex/generic/pgf/basiclayer/pgfcorerdf.code.tex
File: pgfcorerdf.code.tex 2021/05/15 v3.1.9a (3.1.9a)
))) (/usr/share/texlive/texmf-dist/tex/generic/pgf/modules/pgfmoduleshapes.code.tex
File: pgfmoduleshapes.code.tex 2021/05/15 v3.1.9a (3.1.9a)
\pgfnodeparttextbox=\box62
) (/usr/share/texlive/texmf-dist/tex/generic/pgf/modules/pgfmoduleplot.code.tex
File: pgfmoduleplot.code.tex 2021/05/15 v3.1.9a (3.1.9a)
) (/usr/share/texlive/texmf-dist/tex/latex/pgf/compatibility/pgfcomp-version-0-65.sty
Package: pgfcomp-version-0-65 2021/05/15 v3.1.9a (3.1.9a)
\pgf@nodesepstart=\dimen284
\pgf@nodesepend=\dimen285
) (/usr/share/texlive/texmf-dist/tex/latex/pgf/compatibility/pgfcomp-version-1-18.sty
Package: pgfcomp-version-1-18 2021/05/15 v3.1.9a (3.1.9a)
)) (/usr/share/texlive/texmf-dist/tex/latex/pgf/utilities/pgffor.sty (/usr/share/texlive/texmf-dist/tex/latex/pgf/utilities/pgfkeys.sty (/usr/share/texlive/texmf-dist/tex/generic/pgf/utilities/pgfkeys.code.tex)) (/usr/share/texlive/texmf-dist/tex/latex/pgf/math/pgfmath.sty (/usr/share/texlive/texmf-dist/tex/generic/pgf/math/pgfmath.code.tex)) (/usr/share/texlive/texmf-dist/tex/generic/pgf/utilities/pgffor.code.tex
Package: pgffor 2021/05/15 v3.1.9a (3.1.9a)
 (/usr/share/texlive/texmf-dist/tex/generic/pgf/math/pgfmath.code.tex)
\pgffor@iter=\dimen286
\pgffor@skip=\dimen287
\pgffor@stack=\toks45
\pgffor@toks=\toks46
)) (/usr/share/texlive/texmf-dist/tex/generic/pgf/frontendlayer/tikz/tikz.code.tex
Package: tikz 2021/05/15 v3.1.9a (3.1.9a)
 (/usr/share/texlive/texmf-dist/tex/generic/pgf/libraries/pgflibraryplothandlers.code.tex
File: pgflibraryplothandlers.code.tex 2021/05/15 v3.1.9a (3.1.9a)
\pgf@plot@mark@count=\count319
\pgfplotmarksize=\dimen288
)
\tikz@lastx=\dimen289
\tikz@lasty=\dimen290
\tikz@lastxsaved=\dimen291
\tikz@lastysaved=\dimen292
\tikz@lastmovetox=\dimen293
\tikz@lastmovetoy=\dimen294
\tikzleveldistance=\dimen295
\tikzsiblingdistance=\dimen296
\tikz@figbox=\box63
\tikz@figbox@bg=\box64
\tikz@tempbox=\box65
\tikz@tempbox@bg=\box66
\tikztreelevel=\count320
\tikznumberofchildren=\count321
\tikznumberofcurrentchild=\count322
\tikz@fig@count=\count323
 (/usr/share/texlive/texmf-dist/tex/generic/pgf/modules/pgfmodulematrix.code.tex
File: pgfmodulematrix.code.tex 2021/05/15 v3.1.9a (3.1.9a)
\pgfmatrixcurrentrow=\count324
\pgfmatrixcurrentcolumn=\count325
\pgf@matrix@numberofcolumns=\count326
)
\tikz@expandcount=\count327
 (/usr/share/texlive/texmf-dist/tex/generic/pgf/frontendlayer/tikz/libraries/tikzlibrarytopaths.code.tex
File: tikzlibrarytopaths.code.tex 2021/05/15 v3.1.9a (3.1.9a)
))) (/usr/share/texlive/texmf-dist/tex/generic/pgf/frontendlayer/tikz/libraries/tikzlibraryshapes.code.tex
File: tikzlibraryshapes.code.tex 2021/05/15 v3.1.9a (3.1.9a)
 (/usr/share/texlive/texmf-dist/tex/generic/pgf/frontendlayer/tikz/libraries/tikzlibraryshapes.geometric.code.tex
File: tikzlibraryshapes.geometric.code.tex 2021/05/15 v3.1.9a (3.1.9a)
 (/usr/share/texlive/texmf-dist/tex/generic/pgf/libraries/shapes/pgflibraryshapes.geometric.code.tex
File: pgflibraryshapes.geometric.code.tex 2021/05/15 v3.1.9a (3.1.9a)
)) (/usr/share/texlive/texmf-dist/tex/generic/pgf/frontendlayer/tikz/libraries/tikzlibraryshapes.misc.code.tex
File: tikzlibraryshapes.misc.code.tex 2021/05/15 v3.1.9a (3.1.9a)
 (/usr/share/texlive/texmf-dist/tex/generic/pgf/libraries/shapes/pgflibraryshapes.misc.code.tex
File: pgflibraryshapes.misc.code.tex 2021/05/15 v3.1.9a (3.1.9a)
)) (/usr/share/texlive/texmf-dist/tex/generic/pgf/frontendlayer/tikz/libraries/tikzlibraryshapes.symbols.code.tex
File: tikzlibraryshapes.symbols.code.tex 2021/05/15 v3.1.9a (3.1.9a)
 (/usr/share/texlive/texmf-dist/tex/generic/pgf/libraries/shapes/pgflibraryshapes.symbols.code.tex
File: pgflibraryshapes.symbols.code.tex 2021/05/15 v3.1.9a (3.1.9a)
)) (/usr/share/texlive/texmf-dist/tex/generic/pgf/frontendlayer/tikz/libraries/tikzlibraryshapes.arrows.code.tex
File: tikzlibraryshapes.arrows.code.tex 2021/05/15 v3.1.9a (3.1.9a)
 (/usr/share/texlive/texmf-dist/tex/generic/pgf/libraries/shapes/pgflibraryshapes.arrows.code.tex
File: pgflibraryshapes.arrows.code.tex 2021/05/15 v3.1.9a (3.1.9a)
)) (/usr/share/texlive/texmf-dist/tex/generic/pgf/frontendlayer/tikz/libraries/tikzlibraryshapes.callouts.code.tex (/usr/share/texlive/texmf-dist/tex/generic/pgf/libraries/shapes/pgflibraryshapes.callouts.code.tex)) (/usr/share/texlive/texmf-dist/tex/generic/pgf/frontendlayer/tikz/libraries/tikzlibraryshapes.multipart.code.tex
File: tikzlibraryshapes.multipart.code.tex 2021/05/15 v3.1.9a (3.1.9a)
 (/usr/share/texlive/texmf-dist/tex/generic/pgf/libraries/shapes/pgflibraryshapes.multipart.code.tex
File: pgflibraryshapes.multipart.code.tex 2021/05/15 v3.1.9a (3.1.9a)
\pgfnodepartlowerbox=\box67
\pgfnodeparttwobox=\box68
\pgfnodepartthreebox=\box69
\pgfnodepartfourbox=\box70
\pgfnodeparttwentybox=\box71
\pgfnodepartnineteenbox=\box72
\pgfnodeparteighteenbox=\box73
\pgfnodepartseventeenbox=\box74
\pgfnodepartsixteenbox=\box75
\pgfnodepartfifteenbox=\box76
\pgfnodepartfourteenbox=\box77
\pgfnodepartthirteenbox=\box78
\pgfnodeparttwelvebox=\box79
\pgfnodepartelevenbox=\box80
\pgfnodeparttenbox=\box81
\pgfnodepartninebox=\box82
\pgfnodeparteightbox=\box83
\pgfnodepartsevenbox=\box84
\pgfnodepartsixbox=\box85
\pgfnodepartfivebox=\box86
))) (/usr/share/texlive/texmf-dist/tex/generic/pgf/libraries/pgflibraryarrows.meta.code.tex
File: pgflibraryarrows.meta.code.tex 2021/05/15 v3.1.9a (3.1.9a)
\pgfarrowinset=\dimen297
\pgfarrowlength=\dimen298
\pgfarrowwidth=\dimen299
\pgfarrowlinewidth=\dimen300
) (/usr/share/texlive/texmf-dist/tex/generic/pgf/frontendlayer/tikz/libraries/tikzlibrarypositioning.code.tex
File: tikzlibrarypositioning.code.tex 2021/05/15 v3.1.9a (3.1.9a)
) (/usr/share/texlive/texmf-dist/tex/latex/natbib/natbib.sty
Package: natbib 2010/09/13 8.31b (PWD, AO)
\bibhang=\skip115
\bibsep=\skip116
LaTeX Info: Redefining \cite on input line 694.
\c@NAT@ctr=\count328
) (/usr/share/texlive/texmf-dist/tex/latex/float/float.sty
Package: float 2001/11/08 v1.3d Float enhancements (AL)
\c@float@type=\count329
\float@exts=\toks47
\float@box=\box87
\@float@everytoks=\toks48
\@floatcapt=\box88
) (/usr/share/texlive/texmf-dist/tex/latex/algorithm2e/algorithm2e.sty
Package: algorithm2e 2017/07/18 v5.2 algorithms environments
\c@AlgoLine=\count330
\algocf@hangindent=\skip117
 (/usr/share/texlive/texmf-dist/tex/latex/ifoddpage/ifoddpage.sty
Package: ifoddpage 2016/04/23 v1.1 Conditionals for odd/even page detection
\c@checkoddpage=\count331
) (/usr/share/texlive/texmf-dist/tex/latex/relsize/relsize.sty
Package: relsize 2013/03/29 ver 4.1
)
\skiptotal=\skip118
\skiplinenumber=\skip119
\skiprule=\skip120
\skiphlne=\skip121
\skiptext=\skip122
\skiplength=\skip123
\algomargin=\skip124
\skipalgocfslide=\skip125
\algowidth=\dimen301
\inoutsize=\dimen302
\inoutindent=\dimen303
\interspacetitleruled=\dimen304
\interspacealgoruled=\dimen305
\interspacetitleboxruled=\dimen306
\algocf@ruledwidth=\skip126
\algocf@inoutbox=\box89
\algocf@inputbox=\box90
\AlCapSkip=\skip127
\AlCapHSkip=\skip128
\algoskipindent=\skip129
\algocf@nlbox=\box91
\algocf@hangingbox=\box92
\algocf@untilbox=\box93
\algocf@skipuntil=\skip130
\algocf@capbox=\box94
\algocf@lcaptionbox=\skip131
\algoheightruledefault=\skip132
\algoheightrule=\skip133
\algotitleheightruledefault=\skip134
\algotitleheightrule=\skip135
\c@algocfline=\count332
\c@algocfproc=\count333
\c@algocf=\count334
\algocf@algoframe=\box95
\algocf@algobox=\box96
) (/usr/share/texlive/texmf-dist/tex/latex/tools/verbatim.sty
Package: verbatim 2020-07-07 v1.5u LaTeX2e package for verbatim enhancements
\every@verbatim=\toks49
\verbatim@line=\toks50
\verbatim@in@stream=\read4
) (/usr/share/texlive/texmf-dist/tex/latex/notoccite/notoccite.sty
Package: notoccite 2000/07/20
) (/usr/share/texlive/texmf-dist/tex/latex/caption/subcaption.sty
Package: subcaption 2020/10/07 v1.3j Sub-captions (AR)


/usr/share/texlive/texmf-dist/tex/latex/caption/subcaption.sty:62: Package subcaption Error: This package can't be used in cooperation
(subcaption)                with the subfigure package.

See the subcaption package documentation for explanation.
Type  H <return>  for immediate help.
 ...                                              
                                                  
l.62 \subcaption@CheckCompatibility
                                   
If you do not understand this error, please take a closer look
at the documentation of the `subcaption' package, especially the
section about errors.
Try typing  <return>  to proceed.
If that doesn't work, type  X <return>  to quit.

) (/usr/share/texlive/texmf-dist/tex/latex/optidef/optidef.sty
Package: optidef 2019/04/23 - version=3.1, Package for defining optimization problems
 (/usr/share/texlive/texmf-dist/tex/latex/environ/environ.sty
Package: environ 2014/05/04 v0.3 A new way to define environments
 (/usr/share/texlive/texmf-dist/tex/latex/trimspaces/trimspaces.sty
Package: trimspaces 2009/09/17 v1.1 Trim spaces around a token list
)) (/usr/share/texlive/texmf-dist/tex/latex/mathtools/mathtools.sty
Package: mathtools 2021/02/02 v1.28 mathematical typesetting tools
 (/usr/share/texlive/texmf-dist/tex/latex/tools/calc.sty
Package: calc 2017/05/25 v4.3 Infix arithmetic (KKT,FJ)
\calc@Acount=\count335
\calc@Bcount=\count336
\calc@Adimen=\dimen307
\calc@Bdimen=\dimen308
\calc@Askip=\skip136
\calc@Bskip=\skip137
LaTeX Info: Redefining \setlength on input line 80.
LaTeX Info: Redefining \addtolength on input line 81.
\calc@Ccount=\count337
\calc@Cskip=\skip138
) (/usr/share/texlive/texmf-dist/tex/latex/mathtools/mhsetup.sty
Package: mhsetup 2021/03/18 v1.4 programming setup (MH)
)
\g_MT_multlinerow_int=\count338
\l_MT_multwidth_dim=\dimen309
\origjot=\skip139
\l_MT_shortvdotswithinadjustabove_dim=\dimen310
\l_MT_shortvdotswithinadjustbelow_dim=\dimen311
\l_MT_above_intertext_sep=\dimen312
\l_MT_below_intertext_sep=\dimen313
\l_MT_above_shortintertext_sep=\dimen314
\l_MT_below_shortintertext_sep=\dimen315
\xmathstrut@box=\box97
\xmathstrut@dim=\dimen316
) (/usr/share/texlive/texmf-dist/tex/latex/xifthen/xifthen.sty
Package: xifthen 2015/11/05 v1.4.0 Extended ifthen features
 (/usr/share/texlive/texmf-dist/tex/latex/ifmtarg/ifmtarg.sty
Package: ifmtarg 2018/04/16 v1.2b check for an empty argument
)) (/usr/share/texlive/texmf-dist/tex/latex/etoolbox/etoolbox.sty
Package: etoolbox 2020/10/05 v2.5k e-TeX tools for LaTeX (JAW)
\etb@tempcnta=\count339
) (/usr/share/texlive/texmf-dist/tex/latex/l3packages/xparse/xparse.sty (/usr/share/texlive/texmf-dist/tex/latex/l3kernel/expl3.sty
Package: expl3 2022-01-21 L3 programming layer (loader) 
 (/usr/share/texlive/texmf-dist/tex/latex/l3backend/l3backend-pdftex.def
File: l3backend-pdftex.def 2022-01-12 L3 backend support: PDF output (pdfTeX)
\l__color_backend_stack_int=\count340
\l__pdf_internal_box=\box98
))
Package: xparse 2022-01-12 L3 Experimental document command parser
)
\widthInit=\skip140
)
Package hyperref Info: Option `colorlinks' set `true' on input line 44.
 (./main.aux)
\openout1 = `main.aux'.

LaTeX Font Info:    Checking defaults for OML/cmm/m/it on input line 46.
LaTeX Font Info:    ... okay on input line 46.
LaTeX Font Info:    Checking defaults for OMS/cmsy/m/n on input line 46.
LaTeX Font Info:    ... okay on input line 46.
LaTeX Font Info:    Checking defaults for OT1/cmr/m/n on input line 46.
LaTeX Font Info:    ... okay on input line 46.
LaTeX Font Info:    Checking defaults for T1/cmr/m/n on input line 46.
LaTeX Font Info:    ... okay on input line 46.
LaTeX Font Info:    Checking defaults for TS1/cmr/m/n on input line 46.
LaTeX Font Info:    ... okay on input line 46.
LaTeX Font Info:    Checking defaults for OMX/cmex/m/n on input line 46.
LaTeX Font Info:    ... okay on input line 46.
LaTeX Font Info:    Checking defaults for U/cmr/m/n on input line 46.
LaTeX Font Info:    ... okay on input line 46.
LaTeX Font Info:    Checking defaults for PD1/pdf/m/n on input line 46.
LaTeX Font Info:    ... okay on input line 46.
LaTeX Font Info:    Checking defaults for PU/pdf/m/n on input line 46.
LaTeX Font Info:    ... okay on input line 46.
LaTeX Info: Redefining \. on input line 46.
LaTeX Info: Redefining \% on input line 46.
Package caption Info: Begin \AtBeginDocument code.
Package caption Info: float package is loaded.
Package caption Info: hyperref package is loaded.
Package caption Info: listings package is loaded.
Package caption Info: rotating package is loaded.
Package caption Info: subfigure package is loaded.
Package caption Info: End \AtBeginDocument code.
 (/usr/share/texlive/texmf-dist/tex/context/base/mkii/supp-pdf.mkii
[Loading MPS to PDF converter (version 2006.09.02).]
\scratchcounter=\count341
\scratchdimen=\dimen317
\scratchbox=\box99
\nofMPsegments=\count342
\nofMParguments=\count343
\everyMPshowfont=\toks51
\MPscratchCnt=\count344
\MPscratchDim=\dimen318
\MPnumerator=\count345
\makeMPintoPDFobject=\count346
\everyMPtoPDFconversion=\toks52
)
\c@lstlisting=\count347
Package hyperref Info: Link coloring ON on input line 46.
 (/usr/share/texlive/texmf-dist/tex/latex/hyperref/nameref.sty
Package: nameref 2021-04-02 v2.47 Cross-referencing by name of section
 (/usr/share/texlive/texmf-dist/tex/latex/refcount/refcount.sty
Package: refcount 2019/12/15 v3.6 Data extraction from label references (HO)
) (/usr/share/texlive/texmf-dist/tex/generic/gettitlestring/gettitlestring.sty
Package: gettitlestring 2019/12/15 v1.6 Cleanup title references (HO)
)
\c@section@level=\count348
)
LaTeX Info: Redefining \ref on input line 46.
LaTeX Info: Redefining \pageref on input line 46.
LaTeX Info: Redefining \nameref on input line 46.
\@outlinefile=\write4
\openout4 = `main.out'.


------------------------------------------------------------------------------
 Title Page
------------------------------------------------------------------------------

Package hyperref Warning: Token not allowed in a PDF string (Unicode):
(hyperref)                removing `\includegraphics' on input line 61.


Package hyperref Warning: Token not allowed in a PDF string (Unicode):
(hyperref)                removing `\includegraphics' on input line 61.

<images/logo_utec.png, id=8, 803.0pt x 378.41376pt>
File: images/logo_utec.png Graphic file (type png)
<use images/logo_utec.png>
Package pdftex.def Info: images/logo_utec.png  used on input line 61.
(pdftex.def)             Requested size: 150.94196pt x 71.13188pt.
<./images/ORCID128px.png, id=11, 128.48pt x 128.48pt>
File: ./images/ORCID128px.png Graphic file (type png)
<use ./images/ORCID128px.png>
Package pdftex.def Info: ./images/ORCID128px.png  used on input line 61.
(pdftex.def)             Requested size: 10.0pt x 9.99826pt.
File: ./images/ORCID128px.png Graphic file (type png)
<use ./images/ORCID128px.png>
Package pdftex.def Info: ./images/ORCID128px.png  used on input line 61.
(pdftex.def)             Requested size: 10.0pt x 9.99826pt.
File: ./images/ORCID128px.png Graphic file (type png)
<use ./images/ORCID128px.png>
Package pdftex.def Info: ./images/ORCID128px.png  used on input line 61.
(pdftex.def)             Requested size: 10.0pt x 9.99826pt.
[1





pdfTeX warning: pdflatex (file pdftex.map): cannot open font map file
 <./images/logo_utec.png> <./images/ORCID128px.png>] (./encabezados/dedicatoria.tex
LaTeX Font Info:    Trying to load font information for U+msa on input line 12.
 (/usr/share/texlive/texmf-dist/tex/latex/amsfonts/umsa.fd
File: umsa.fd 2013/01/14 v3.01 AMS symbols A
)
LaTeX Font Info:    Trying to load font information for U+msb on input line 12.
 (/usr/share/texlive/texmf-dist/tex/latex/amsfonts/umsb.fd
File: umsb.fd 2013/01/14 v3.01 AMS symbols B
)
Underfull \hbox (badness 10000) in paragraph at lines 12--12

 []

[1

]) (./encabezados/agradecimientos.tex
Underfull \hbox (badness 10000) in paragraph at lines 14--14

 []

[2

])
\tf@toc=\write5
\openout5 = `main.toc'.

 [3

]
\tf@lot=\write6
\openout6 = `main.lot'.

 [4]
\tf@lof=\write7
\openout7 = `main.lof'.

 [5] (./secciones/resumen.tex
Overfull \hbox (18.66208pt too wide) in paragraph at lines 5--6
[]\OT1/cmr/m/n/12 Se plantearon e im-ple-men-taron difer-entes es-trate-gias de con-trol para el seguimien-
 []


Underfull \hbox (badness 10000) in paragraph at lines 7--8

 []

) (./secciones/abstract.tex [1


]
Underfull \hbox (badness 10000) in paragraph at lines 11--12

 []

) (./secciones/introduccion.tex [2

]

Package natbib Warning: Citation `Informe_emergencia_2021' on page 3 undefined on input line 5.


Package natbib Warning: Citation `CIHI' on page 3 undefined on input line 5.


Package natbib Warning: Citation `Instru_quirurgica' on page 3 undefined on input line 7.


Package natbib Warning: Citation `GONZALEZ-CELY2018' on page 3 undefined on input line 9.


Package natbib Warning: Citation `DaVinci' on page 3 undefined on input line 11.


Package natbib Warning: Citation `DaVinci_tumor_2024' on page 3 undefined on input line 11.


Package natbib Warning: Citation `Historia_de_los_robots_cirujanos' on page 3 undefined on input line 11.

[3

]

Package natbib Warning: Citation `Emergency_reasons' on page 4 undefined on input line 18.

./secciones/introduccion.tex:20: Missing \endcsname inserted.
<to be read again> 
                   \unhbox 
l.20 ...l síndrome burnout \cite{Burnout_España}
                                                  \cite{Burnout_Peru}, prese...
The control sequence marked <to be read again> should
not appear between \csname and \endcsname.

./secciones/introduccion.tex:20: Missing \endcsname inserted.
<to be read again> 
                   \unhbox 
l.20 ...l síndrome burnout \cite{Burnout_España}
                                                  \cite{Burnout_Peru}, prese...
The control sequence marked <to be read again> should
not appear between \csname and \endcsname.


Package natbib Warning: Citation `Burnout_Espa\unhbox \voidb@x \bgroup \let \unhbox \voidb@x \setbox \@tempboxa \hbox {n\global \mathchardef \accent@spacefactor \spacefactor }\let \begingroup \let \typeout \begingroup\def 
(natbib)                {
(Font)              }\let \immediate\write \m@ne {LaTeX Font Info:    \def  { } on input line 20.}\endgroup \endgroup \relax \let \ignorespaces \relax \accent 126 n\egroup \spacefactor \accent@spacefactor \futurelet \@let@token \penalty\@M \hskip \z@skip a' on page 4 undefined on input line 20.


Package natbib Warning: Citation `Burnout_Peru' on page 4 undefined on input line 20.


Package natbib Warning: Citation `Desorden_Muscoesqueletico_Warren' on page 4 undefined on input line 20.

[4]
<images/Estadistica2018.png, id=70, 659.46375pt x 655.44875pt>
File: images/Estadistica2018.png Graphic file (type png)
<use images/Estadistica2018.png>
Package pdftex.def Info: images/Estadistica2018.png  used on input line 24.
(pdftex.def)             Requested size: 320.57364pt x 318.63235pt.


Package natbib Warning: Citation `Emergency_reasons' on page 5 undefined on input line 25.


Package natbib Warning: Citation `Emergency_reasons' on page 5 undefined on input line 25.


Package natbib Warning: Citation `Forsch' on page 5 undefined on input line 30.

[5 <./images/Estadistica2018.png>]

Package natbib Warning: Citation `Informe_emergencia_2021' on page 6 undefined on input line 36.


Package natbib Warning: Citation `Desorden_Muscoesqueletico_Warren' on page 6 undefined on input line 36.


Package natbib Warning: Citation `Informe_emergencia_2021' on page 6 undefined on input line 36.


Package natbib Warning: Citation `Instru_quirurgica' on page 6 undefined on input line 38.


Package natbib Warning: Citation `DaVinci' on page 6 undefined on input line 40.


Package natbib Warning: Citation `SIngle' on page 6 undefined on input line 40.

[6] [7] [8] [9]) (./secciones/capitulo1.tex [10]
\MakeUppercase {CAPÍTULO} I.
------------------------------------------------------------------------------
 I REVISIÓN CRÍTICA DE LA LITERATURA
------------------------------------------------------------------------------

Package natbib Warning: Citation `GONZALEZ-CELY2018' on page 11 undefined on input line 11.


Package natbib Warning: Citation `Historia_de_los_robots_cirujanos' on page 11 undefined on input line 27.

[11

]

Package natbib Warning: Citation `you_assisted_2012' on page 12 undefined on input line 38.


Package natbib Warning: Citation `syakir_teleoperation_2019' on page 12 undefined on input line 39.


Package natbib Warning: Citation `review_of_haptic_feedback' on page 12 undefined on input line 46.

[12]

Package natbib Warning: Citation `Informacion_de_aplicaciones_tecnologia_haptica' on page 13 undefined on input line 59.


Package natbib Warning: Citation `Ejemplo_haptic_manejo_carro' on page 13 undefined on input line 59.


Package natbib Warning: Citation `Ejemplo_haptic_piloto_avion' on page 13 undefined on input line 59.


Package natbib Warning: Citation `Ejemplo_haptic_entrenamiento_espacial' on page 13 undefined on input line 59.

[13]

Package natbib Warning: Citation `robotica_haptics_retos_beneficios' on page 14 undefined on input line 62.

) (./secciones/capitulo2.tex [14]
\MakeUppercase {CAPÍTULO} II.
------------------------------------------------------------------------------
 II MARCO TEÓRICO
------------------------------------------------------------------------------

Package natbib Warning: Citation `Cicatritacion' on page 15 undefined on input line 7.


Package natbib Warning: Citation `GONZALEZ-CELY2018' on page 15 undefined on input line 9.


Package natbib Warning: Citation `GONZALEZ-CELY2018' on page 15 undefined on input line 9.

[15

]
<images/anastesicos.png, id=131, 618.31pt x 555.07375pt>
File: images/anastesicos.png Graphic file (type png)
<use images/anastesicos.png>
Package pdftex.def Info: images/anastesicos.png  used on input line 15.
(pdftex.def)             Requested size: 320.57364pt x 287.79303pt.


Package natbib Warning: Citation `GONZALEZ-CELY2018' on page 16 undefined on input line 16.


Package natbib Warning: Citation `GONZALEZ-CELY2018' on page 16 undefined on input line 16.

[16 <./images/anastesicos.png>]
<images/hilos.png, id=139, 1256.695pt x 550.055pt>
File: images/hilos.png Graphic file (type png)
<use images/hilos.png>
Package pdftex.def Info: images/hilos.png  used on input line 26.
(pdftex.def)             Requested size: 427.43153pt x 187.08336pt.


Package natbib Warning: Citation `GONZALEZ-CELY2018' on page 17 undefined on input line 27.


Package natbib Warning: Citation `GONZALEZ-CELY2018' on page 17 undefined on input line 27.

[17 <./images/hilos.png>]

Package natbib Warning: Citation `GONZALEZ-CELY2018' on page 18 undefined on input line 38.


Package natbib Warning: Citation `El_sentido_del_tacto_revision' on page 18 undefined on input line 54.


Package natbib Warning: Citation `spence_gallace_touch' on page 18 undefined on input line 54.

<encabezados/geomagic_touch.png, id=149, 434.62375pt x 434.62375pt>
File: encabezados/geomagic_touch.png Graphic file (type png)
<use encabezados/geomagic_touch.png>
Package pdftex.def Info: encabezados/geomagic_touch.png  used on input line 67.
(pdftex.def)             Requested size: 320.57364pt x 320.58861pt.
[18] [19 <./encabezados/geomagic_touch.png>]
<images/technical_geomagic_touch.png, id=169, 1441.385pt x 1585.925pt>
File: images/technical_geomagic_touch.png Graphic file (type png)
<use images/technical_geomagic_touch.png>
Package pdftex.def Info: images/technical_geomagic_touch.png  used on input line 78.
(pdftex.def)             Requested size: 320.57364pt x 352.70386pt.


Package natbib Warning: Citation `teleoperation_irb120_geomagic' on page 20 undefined on input line 84.

[20 <./images/technical_geomagic_touch.png>]

Package natbib Warning: Citation `arm_pivot_joints_stiffness' on page 21 undefined on input line 89.

<images/geomagic_adaptation_example.png, id=176, 352.55714pt x 149.5989pt>
File: images/geomagic_adaptation_example.png Graphic file (type png)
<use images/geomagic_adaptation_example.png>
Package pdftex.def Info: images/geomagic_adaptation_example.png  used on input line 93.
(pdftex.def)             Requested size: 320.57364pt x 136.03705pt.

Package natbib Warning: Citation `arm_pivot_joints_stiffness' on page 21 undefined on input line 94.


Package natbib Warning: Citation `arm_pivot_joints_stiffness' on page 21 undefined on input line 94.

[21]

Package natbib Warning: Citation `siciliano_robotics_2009' on page 22 undefined on input line 101.


Overfull \hbox (5.63722pt too wide) in paragraph at lines 103--104
[]\OT1/cmr/m/n/12 La cin-em^^Satica per-mite ex-pre-sar este an^^Sali-sis me-di-ante ex-pre-siones matem^^Saticas
 []


Package natbib Warning: Citation `siciliano_robotics_2009' on page 22 undefined on input line 107.

<images/pos_or.png, id=183, 1290.8225pt x 573.14125pt>
File: images/pos_or.png Graphic file (type png)
<use images/pos_or.png>
Package pdftex.def Info: images/pos_or.png  used on input line 110.
(pdftex.def)             Requested size: 406.05864pt x 180.29558pt.
[22 <./images/geomagic_adaptation_example.png>] [23 <./images/pos_or.png>]

Package natbib Warning: Citation `siciliano_robotics_2009' on page 24 undefined on input line 157.

[24]
<images/graf2.png, id=210, 1150.2975pt x 637.38126pt>
File: images/graf2.png Graphic file (type png)
<use images/graf2.png>
Package pdftex.def Info: images/graf2.png  used on input line 212.
(pdftex.def)             Requested size: 427.43153pt x 236.83884pt.


Package natbib Warning: Citation `siciliano_robotics_2009' on page 25 undefined on input line 213.


Package natbib Warning: Citation `siciliano_robotics_2009' on page 25 undefined on input line 213.

[25]
<images/DH_general.png, id=217, 815.045pt x 523.9575pt>
File: images/DH_general.png Graphic file (type png)
<use images/DH_general.png>
Package pdftex.def Info: images/DH_general.png  used on input line 227.
(pdftex.def)             Requested size: 427.43153pt x 274.778pt.

Overfull \hbox (1.65794pt too wide) in paragraph at lines 224--230
[]\OT1/cmr/m/n/12 Este m^^Seto-do per-mite, de man-era sis-tem^^Satica, obten-er las ma-tri-ces ho-mog^^Seneas
 []

[26 <./images/graf2.png>] [27 <./images/DH_general.png>]
Underfull \hbox (badness 10000) in paragraph at lines 249--251

 []

[28]

LaTeX Warning: Reference `t-homog' on page 29 undefined on input line 307.

[29] [30] [31]

Package natbib Warning: Citation `fundamentos_robo' on page 32 undefined on input line 382.

[32]

Package natbib Warning: Citation `barrientos_fundamentos_2007' on page 33 undefined on input line 410.

[33]

Package natbib Warning: Citation `utkin_sliding_mode_control' on page 34 undefined on input line 453.


Package natbib Warning: Citation `emergency_department_overload' on page 34 undefined on input line 453.

[34] [35] [36] [37]
./secciones/capitulo2.tex:570: Undefined control sequence.
<argument>  \bm 
                {\tau } &\in \mathbb {R}^{6} \quad \text {: Vector de torque...
l.570 \end{align*}
                  
The control sequence at the end of the top line
of your error message was never \def'ed. If you have
misspelled it (e.g., `\hobx'), type `I' and the correct
spelling (e.g., `I\hbox'). Otherwise just continue,
and I'll forget about whatever was undefined.

./secciones/capitulo2.tex:570: Undefined control sequence.
<argument> ...ctor de torques articulares} \\ \bm 
                                                  {M} &\in \mathbb {R}^{6 \t...
l.570 \end{align*}
                  
The control sequence at the end of the top line
of your error message was never \def'ed. If you have
misspelled it (e.g., `\hobx'), type `I' and the correct
spelling (e.g., `I\hbox'). Otherwise just continue,
and I'll forget about whatever was undefined.

./secciones/capitulo2.tex:570: Undefined control sequence.
<argument> ...Matriz de inercia articular} \\ \bm 
                                                  {J}^{\dagger } &\in \mathb...
l.570 \end{align*}
                  
The control sequence at the end of the top line
of your error message was never \def'ed. If you have
misspelled it (e.g., `\hobx'), type `I' and the correct
spelling (e.g., `I\hbox'). Otherwise just continue,
and I'll forget about whatever was undefined.

./secciones/capitulo2.tex:570: Undefined control sequence.
<argument> ...rsa del Jacobiano extendido} \\ \bm 
                                                  {J} &\in \mathbb {R}^{7 \t...
l.570 \end{align*}
                  
The control sequence at the end of the top line
of your error message was never \def'ed. If you have
misspelled it (e.g., `\hobx'), type `I' and the correct
spelling (e.g., `I\hbox'). Otherwise just continue,
and I'll forget about whatever was undefined.

./secciones/capitulo2.tex:570: Undefined control sequence.
<recently read> \bm 
                    
l.570 \end{align*}
                  
The control sequence at the end of the top line
of your error message was never \def'ed. If you have
misspelled it (e.g., `\hobx'), type `I' and the correct
spelling (e.g., `I\hbox'). Otherwise just continue,
and I'll forget about whatever was undefined.

./secciones/capitulo2.tex:570: Undefined control sequence.
<argument> \bm 
               {x}
l.570 \end{align*}
                  
The control sequence at the end of the top line
of your error message was never \def'ed. If you have
misspelled it (e.g., `\hobx'), type `I' and the correct
spelling (e.g., `I\hbox'). Otherwise just continue,
and I'll forget about whatever was undefined.

./secciones/capitulo2.tex:570: Undefined control sequence.
<argument> ...eración cartesiana deseada} \\ \bm 
                                                  {K}_p &\in \mathbb {R}^{7 ...
l.570 \end{align*}
                  
The control sequence at the end of the top line
of your error message was never \def'ed. If you have
misspelled it (e.g., `\hobx'), type `I' and the correct
spelling (e.g., `I\hbox'). Otherwise just continue,
and I'll forget about whatever was undefined.

./secciones/capitulo2.tex:570: Undefined control sequence.
<argument> ...iz de ganancia proporcional} \\ \bm 
                                                  {K}_d &\in \mathbb {R}^{7 ...
l.570 \end{align*}
                  
The control sequence at the end of the top line
of your error message was never \def'ed. If you have
misspelled it (e.g., `\hobx'), type `I' and the correct
spelling (e.g., `I\hbox'). Otherwise just continue,
and I'll forget about whatever was undefined.

./secciones/capitulo2.tex:570: Undefined control sequence.
<argument> ...triz de ganancia derivativa} \\ \bm 
                                                  {e}_x &\in \mathbb {R}^{7}...
l.570 \end{align*}
                  
The control sequence at the end of the top line
of your error message was never \def'ed. If you have
misspelled it (e.g., `\hobx'), type `I' and the correct
spelling (e.g., `I\hbox'). Otherwise just continue,
and I'll forget about whatever was undefined.

./secciones/capitulo2.tex:570: Undefined control sequence.
<argument> ... (posición + orientación)} \\ \bm 
                                                  {e}_{\dot {x}} &\in \mathb...
l.570 \end{align*}
                  
The control sequence at the end of the top line
of your error message was never \def'ed. If you have
misspelled it (e.g., `\hobx'), type `I' and the correct
spelling (e.g., `I\hbox'). Otherwise just continue,
and I'll forget about whatever was undefined.

./secciones/capitulo2.tex:570: Undefined control sequence.
<argument> ...ror de velocidad cartesiana} \\ \bm 
                                                  {h}(\bm {q}, \dot {\bm {q}...
l.570 \end{align*}
                  
The control sequence at the end of the top line
of your error message was never \def'ed. If you have
misspelled it (e.g., `\hobx'), type `I' and the correct
spelling (e.g., `I\hbox'). Otherwise just continue,
and I'll forget about whatever was undefined.

./secciones/capitulo2.tex:570: Undefined control sequence.
<argument> ...elocidad cartesiana} \\ \bm {h}(\bm 
                                                  {q}, \dot {\bm {q}}) &\in ...
l.570 \end{align*}
                  
The control sequence at the end of the top line
of your error message was never \def'ed. If you have
misspelled it (e.g., `\hobx'), type `I' and the correct
spelling (e.g., `I\hbox'). Otherwise just continue,
and I'll forget about whatever was undefined.

./secciones/capitulo2.tex:570: Undefined control sequence.
<recently read> \bm 
                    
l.570 \end{align*}
                  
The control sequence at the end of the top line
of your error message was never \def'ed. If you have
misspelled it (e.g., `\hobx'), type `I' and the correct
spelling (e.g., `I\hbox'). Otherwise just continue,
and I'll forget about whatever was undefined.

./secciones/capitulo2.tex:570: Undefined control sequence.
<argument> \bm 
               {q}
l.570 \end{align*}
                  
The control sequence at the end of the top line
of your error message was never \def'ed. If you have
misspelled it (e.g., `\hobx'), type `I' and the correct
spelling (e.g., `I\hbox'). Otherwise just continue,
and I'll forget about whatever was undefined.

./secciones/capitulo2.tex:570: Undefined control sequence.
<argument>  \bm 
                {\tau } &\in \mathbb {R}^{6} \quad \text {: Vector de torque...
l.570 \end{align*}
                  
The control sequence at the end of the top line
of your error message was never \def'ed. If you have
misspelled it (e.g., `\hobx'), type `I' and the correct
spelling (e.g., `I\hbox'). Otherwise just continue,
and I'll forget about whatever was undefined.

./secciones/capitulo2.tex:570: Undefined control sequence.
<argument> ...ctor de torques articulares} \\ \bm 
                                                  {M} &\in \mathbb {R}^{6 \t...
l.570 \end{align*}
                  
The control sequence at the end of the top line
of your error message was never \def'ed. If you have
misspelled it (e.g., `\hobx'), type `I' and the correct
spelling (e.g., `I\hbox'). Otherwise just continue,
and I'll forget about whatever was undefined.

./secciones/capitulo2.tex:570: Undefined control sequence.
<argument> ...Matriz de inercia articular} \\ \bm 
                                                  {J}^{\dagger } &\in \mathb...
l.570 \end{align*}
                  
The control sequence at the end of the top line
of your error message was never \def'ed. If you have
misspelled it (e.g., `\hobx'), type `I' and the correct
spelling (e.g., `I\hbox'). Otherwise just continue,
and I'll forget about whatever was undefined.

./secciones/capitulo2.tex:570: Undefined control sequence.
<argument> ...rsa del Jacobiano extendido} \\ \bm 
                                                  {J} &\in \mathbb {R}^{7 \t...
l.570 \end{align*}
                  
The control sequence at the end of the top line
of your error message was never \def'ed. If you have
misspelled it (e.g., `\hobx'), type `I' and the correct
spelling (e.g., `I\hbox'). Otherwise just continue,
and I'll forget about whatever was undefined.

./secciones/capitulo2.tex:570: Undefined control sequence.
<recently read> \bm 
                    
l.570 \end{align*}
                  
The control sequence at the end of the top line
of your error message was never \def'ed. If you have
misspelled it (e.g., `\hobx'), type `I' and the correct
spelling (e.g., `I\hbox'). Otherwise just continue,
and I'll forget about whatever was undefined.

./secciones/capitulo2.tex:570: Undefined control sequence.
<argument> \bm 
               {x}
l.570 \end{align*}
                  
The control sequence at the end of the top line
of your error message was never \def'ed. If you have
misspelled it (e.g., `\hobx'), type `I' and the correct
spelling (e.g., `I\hbox'). Otherwise just continue,
and I'll forget about whatever was undefined.

./secciones/capitulo2.tex:570: Undefined control sequence.
<argument> ...eración cartesiana deseada} \\ \bm 
                                                  {K}_p &\in \mathbb {R}^{7 ...
l.570 \end{align*}
                  
The control sequence at the end of the top line
of your error message was never \def'ed. If you have
misspelled it (e.g., `\hobx'), type `I' and the correct
spelling (e.g., `I\hbox'). Otherwise just continue,
and I'll forget about whatever was undefined.

./secciones/capitulo2.tex:570: Undefined control sequence.
<argument> ...iz de ganancia proporcional} \\ \bm 
                                                  {K}_d &\in \mathbb {R}^{7 ...
l.570 \end{align*}
                  
The control sequence at the end of the top line
of your error message was never \def'ed. If you have
misspelled it (e.g., `\hobx'), type `I' and the correct
spelling (e.g., `I\hbox'). Otherwise just continue,
and I'll forget about whatever was undefined.

./secciones/capitulo2.tex:570: Undefined control sequence.
<argument> ...triz de ganancia derivativa} \\ \bm 
                                                  {e}_x &\in \mathbb {R}^{7}...
l.570 \end{align*}
                  
The control sequence at the end of the top line
of your error message was never \def'ed. If you have
misspelled it (e.g., `\hobx'), type `I' and the correct
spelling (e.g., `I\hbox'). Otherwise just continue,
and I'll forget about whatever was undefined.

./secciones/capitulo2.tex:570: Undefined control sequence.
<argument> ... (posición + orientación)} \\ \bm 
                                                  {e}_{\dot {x}} &\in \mathb...
l.570 \end{align*}
                  
The control sequence at the end of the top line
of your error message was never \def'ed. If you have
misspelled it (e.g., `\hobx'), type `I' and the correct
spelling (e.g., `I\hbox'). Otherwise just continue,
and I'll forget about whatever was undefined.

./secciones/capitulo2.tex:570: Undefined control sequence.
<argument> ...ror de velocidad cartesiana} \\ \bm 
                                                  {h}(\bm {q}, \dot {\bm {q}...
l.570 \end{align*}
                  
The control sequence at the end of the top line
of your error message was never \def'ed. If you have
misspelled it (e.g., `\hobx'), type `I' and the correct
spelling (e.g., `I\hbox'). Otherwise just continue,
and I'll forget about whatever was undefined.

./secciones/capitulo2.tex:570: Undefined control sequence.
<argument> ...elocidad cartesiana} \\ \bm {h}(\bm 
                                                  {q}, \dot {\bm {q}}) &\in ...
l.570 \end{align*}
                  
The control sequence at the end of the top line
of your error message was never \def'ed. If you have
misspelled it (e.g., `\hobx'), type `I' and the correct
spelling (e.g., `I\hbox'). Otherwise just continue,
and I'll forget about whatever was undefined.

./secciones/capitulo2.tex:570: Undefined control sequence.
<recently read> \bm 
                    
l.570 \end{align*}
                  
The control sequence at the end of the top line
of your error message was never \def'ed. If you have
misspelled it (e.g., `\hobx'), type `I' and the correct
spelling (e.g., `I\hbox'). Otherwise just continue,
and I'll forget about whatever was undefined.

./secciones/capitulo2.tex:570: Undefined control sequence.
<argument> \bm 
               {q}
l.570 \end{align*}
                  
The control sequence at the end of the top line
of your error message was never \def'ed. If you have
misspelled it (e.g., `\hobx'), type `I' and the correct
spelling (e.g., `I\hbox'). Otherwise just continue,
and I'll forget about whatever was undefined.

[38]) (./secciones/capitulo3.tex [39]
\MakeUppercase {CAPÍTULO} III.
------------------------------------------------------------------------------
 III MARCO REFERENCIAL (LEGAL, GEOGRÁFICO, HISTÓRICO) (opcional)
------------------------------------------------------------------------------
) (./secciones/capitulo4.tex [40

]
\MakeUppercase {CAPÍTULO} IV.
------------------------------------------------------------------------------
 IV MARCO METODOLÓGICO
------------------------------------------------------------------------------
[41

]
<images/vdi_muy_basico.png, id=322, 1445.4pt x 813.0375pt>
File: images/vdi_muy_basico.png Graphic file (type png)
<use images/vdi_muy_basico.png>
Package pdftex.def Info: images/vdi_muy_basico.png  used on input line 23.
(pdftex.def)             Requested size: 427.43153pt x 240.42706pt.
 [42 <./images/vdi_muy_basico.png (PNG copy)>]
<images/comunication_desired.png, id=332, 1606.0pt x 443.6575pt>
File: images/comunication_desired.png Graphic file (type png)
<use images/comunication_desired.png>
Package pdftex.def Info: images/comunication_desired.png  used on input line 36.
(pdftex.def)             Requested size: 427.43153pt x 118.07639pt.
 [43 <./images/comunication_desired.png>] [44]) (./secciones/capitulo5.tex [45]
\MakeUppercase {CAPÍTULO} V.
------------------------------------------------------------------------------
 V RESULTADOS
------------------------------------------------------------------------------
<images/gaz_ur5e.png, id=353, 510.90875pt x 386.44376pt>
File: images/gaz_ur5e.png Graphic file (type png)
<use images/gaz_ur5e.png>
Package pdftex.def Info: images/gaz_ur5e.png  used on input line 17.
(pdftex.def)             Requested size: 320.57364pt x 242.4761pt.
[46

]
<images/Pos.png, id=360, 979.66pt x 603.25375pt>
File: images/Pos.png Graphic file (type png)
<use images/Pos.png>
Package pdftex.def Info: images/Pos.png  used on input line 31.
(pdftex.def)             Requested size: 320.57364pt x 197.39906pt.
 [47 <./images/gaz_ur5e.png>]
<images/errores.png, id=368, 839.135pt x 611.28375pt>
File: images/errores.png Graphic file (type png)
<use images/errores.png>
Package pdftex.def Info: images/errores.png  used on input line 38.
(pdftex.def)             Requested size: 320.57364pt x 233.52145pt.


LaTeX Warning: Reference `fig:haptic_topics' on page 48 undefined on input line 45.

[48 <./images/Pos.png> <./images/errores.png>]

LaTeX Warning: Reference `fig:Geomagic_touch_base' on page 49 undefined on input line 47.

<images/haptic_topics.jpeg, id=377, 813.79031pt x 382.42876pt>
File: images/haptic_topics.jpeg Graphic file (type jpg)
<use images/haptic_topics.jpeg>
Package pdftex.def Info: images/haptic_topics.jpeg  used on input line 51.
(pdftex.def)             Requested size: 427.43153pt x 200.86563pt.
[49]
<images/teleop_square.png, id=384, 683.55376pt x 644.4075pt>
File: images/teleop_square.png Graphic file (type png)
<use images/teleop_square.png>
Package pdftex.def Info: images/teleop_square.png  used on input line 61.
(pdftex.def)             Requested size: 299.20076pt x 282.06525pt.
 [50 <./images/haptic_topics.jpeg>]

LaTeX Warning: Reference `fig:teleop_square' on page 51 undefined on input line 66.


LaTeX Warning: Reference `fig:x_square_teleop' on page 51 undefined on input line 66.


LaTeX Warning: Reference `fig:y_square_teleop' on page 51 undefined on input line 66.


LaTeX Warning: Reference `fig:z_square_teleop' on page 51 undefined on input line 66.

<images/x_haptic_teleop.png, id=390, 683.55376pt x 644.4075pt>
File: images/x_haptic_teleop.png Graphic file (type png)
<use images/x_haptic_teleop.png>
Package pdftex.def Info: images/x_haptic_teleop.png  used on input line 72.
(pdftex.def)             Requested size: 256.46152pt x 241.78004pt.
[51 <./images/teleop_square.png>]
<images/y_haptic_teleop.png, id=396, 683.55376pt x 644.4075pt>
File: images/y_haptic_teleop.png Graphic file (type png)
<use images/y_haptic_teleop.png>
Package pdftex.def Info: images/y_haptic_teleop.png  used on input line 79.
(pdftex.def)             Requested size: 256.46152pt x 241.78004pt.
<images/z_haptic_teleop.png, id=397, 683.55376pt x 644.4075pt>
File: images/z_haptic_teleop.png Graphic file (type png)
<use images/z_haptic_teleop.png>
Package pdftex.def Info: images/z_haptic_teleop.png  used on input line 86.
(pdftex.def)             Requested size: 256.46152pt x 241.78004pt.
 [52 <./images/x_haptic_teleop.png> <./images/y_haptic_teleop.png>]
<images/implementacionXYZ.png, id=404, 453.94594pt x 427.5975pt>
File: images/implementacionXYZ.png Graphic file (type png)
<use images/implementacionXYZ.png>
Package pdftex.def Info: images/implementacionXYZ.png  used on input line 97.
(pdftex.def)             Requested size: 320.57364pt x 301.9652pt.
 [53 <./images/z_haptic_teleop.png>]
<images/impl_X.png, id=411, 748.7975pt x 587.19376pt>
File: images/impl_X.png Graphic file (type png)
<use images/impl_X.png>
Package pdftex.def Info: images/impl_X.png  used on input line 104.
(pdftex.def)             Requested size: 213.71576pt x 167.59387pt.
<images/err_y_impl.png, id=412, 799.98875pt x 580.1675pt>
File: images/err_y_impl.png Graphic file (type png)
<use images/err_y_impl.png>
Package pdftex.def Info: images/err_y_impl.png  used on input line 111.
(pdftex.def)             Requested size: 213.71576pt x 154.98302pt.
 [54 <./images/implementacionXYZ.png> <./images/impl_X.png>]
<images/err_z_imp.png, id=421, 861.2175pt x 634.37pt>
File: images/err_z_imp.png Graphic file (type png)
<use images/err_z_imp.png>
Package pdftex.def Info: images/err_z_imp.png  used on input line 118.
(pdftex.def)             Requested size: 213.71576pt x 157.42085pt.


LaTeX Warning: Reference `fig:vistas_soporte_pinza' on page 55 undefined on input line 129.


LaTeX Warning: Reference `fig:vistas_pinza_slider' on page 55 undefined on input line 129.


LaTeX Warning: Reference `fig:vistas_pinza_seguro_inf' on page 55 undefined on input line 129.


LaTeX Warning: Reference `fig:vistas_pinza_seguro_sup' on page 55 undefined on input line 129.

<secciones/pinza_gripper_frontal.png, id=422, 1927.2pt x 853.1875pt>
File: secciones/pinza_gripper_frontal.png Graphic file (type png)
<use secciones/pinza_gripper_frontal.png>
Package pdftex.def Info: secciones/pinza_gripper_frontal.png  used on input line 136.
(pdftex.def)             Requested size: 136.78122pt x 60.5494pt.
<secciones/pinza_gripper_lateral.png, id=423, 1927.2pt x 853.1875pt>
File: secciones/pinza_gripper_lateral.png Graphic file (type png)
<use secciones/pinza_gripper_lateral.png>
Package pdftex.def Info: secciones/pinza_gripper_lateral.png  used on input line 142.
(pdftex.def)             Requested size: 136.78122pt x 60.5494pt.
<secciones/pinza_gripper_superior.png, id=424, 1927.2pt x 853.1875pt>
File: secciones/pinza_gripper_superior.png Graphic file (type png)
<use secciones/pinza_gripper_superior.png>
Package pdftex.def Info: secciones/pinza_gripper_superior.png  used on input line 148.
(pdftex.def)             Requested size: 136.78122pt x 60.5494pt.
[55 <./images/err_y_impl.png> <./images/err_z_imp.png>]
<images/dezlizador_frontal.png, id=435, 1927.2pt x 853.1875pt>
File: images/dezlizador_frontal.png Graphic file (type png)
<use images/dezlizador_frontal.png>
Package pdftex.def Info: images/dezlizador_frontal.png  used on input line 161.
(pdftex.def)             Requested size: 136.78122pt x 60.5494pt.
<images/dezlizador_lateral.png, id=436, 1927.2pt x 853.1875pt>
File: images/dezlizador_lateral.png Graphic file (type png)
<use images/dezlizador_lateral.png>
Package pdftex.def Info: images/dezlizador_lateral.png  used on input line 167.
(pdftex.def)             Requested size: 136.78122pt x 60.5494pt.
<images/dezlizador_superior.png, id=437, 1927.2pt x 853.1875pt>
File: images/dezlizador_superior.png Graphic file (type png)
<use images/dezlizador_superior.png>
Package pdftex.def Info: images/dezlizador_superior.png  used on input line 173.
(pdftex.def)             Requested size: 136.78122pt x 60.5494pt.
<images/seguro_pinza_inf_frontal.png, id=438, 1927.2pt x 853.1875pt>
File: images/seguro_pinza_inf_frontal.png Graphic file (type png)
<use images/seguro_pinza_inf_frontal.png>
Package pdftex.def Info: images/seguro_pinza_inf_frontal.png  used on input line 186.
(pdftex.def)             Requested size: 136.78122pt x 60.5494pt.
<images/seguro_pinza_inf_lateral.png, id=439, 1927.2pt x 853.1875pt>
File: images/seguro_pinza_inf_lateral.png Graphic file (type png)
<use images/seguro_pinza_inf_lateral.png>
Package pdftex.def Info: images/seguro_pinza_inf_lateral.png  used on input line 192.
(pdftex.def)             Requested size: 136.78122pt x 60.5494pt.
<images/seguro_pinza_inf_superior.png, id=440, 1927.2pt x 853.1875pt>
File: images/seguro_pinza_inf_superior.png Graphic file (type png)
<use images/seguro_pinza_inf_superior.png>
Package pdftex.def Info: images/seguro_pinza_inf_superior.png  used on input line 198.
(pdftex.def)             Requested size: 136.78122pt x 60.5494pt.
<images/seguro_pinza_sup_frontal.png, id=441, 1927.2pt x 853.1875pt>
File: images/seguro_pinza_sup_frontal.png Graphic file (type png)
<use images/seguro_pinza_sup_frontal.png>
Package pdftex.def Info: images/seguro_pinza_sup_frontal.png  used on input line 212.
(pdftex.def)             Requested size: 136.78122pt x 60.5494pt.
<images/seguro_pinza_sup_lateral.png, id=442, 1927.2pt x 853.1875pt>
File: images/seguro_pinza_sup_lateral.png Graphic file (type png)
<use images/seguro_pinza_sup_lateral.png>
Package pdftex.def Info: images/seguro_pinza_sup_lateral.png  used on input line 218.
(pdftex.def)             Requested size: 136.78122pt x 60.5494pt.
<images/seguro_pinza_sup_superior.png, id=443, 1927.2pt x 853.1875pt>
File: images/seguro_pinza_sup_superior.png Graphic file (type png)
<use images/seguro_pinza_sup_superior.png>
Package pdftex.def Info: images/seguro_pinza_sup_superior.png  used on input line 224.
(pdftex.def)             Requested size: 136.78122pt x 60.5494pt.


LaTeX Warning: Reference `fig:vistas_pinza_ensamble' on page 56 undefined on input line 232.

<images/ensamble_try3 v11.png, id=444, 1927.2pt x 853.1875pt>
File: images/ensamble_try3 v11.png Graphic file (type png)
<use images/ensamble_try3 v11.png>
Package pdftex.def Info: images/ensamble_try3 v11.png  used on input line 239.
(pdftex.def)             Requested size: 384.68576pt x 170.29599pt.
<images/handegripp v6.png, id=445, 1927.2pt x 853.1875pt>
File: images/handegripp v6.png Graphic file (type png)
<use images/handegripp v6.png>
Package pdftex.def Info: images/handegripp v6.png  used on input line 245.
(pdftex.def)             Requested size: 384.68576pt x 170.29599pt.
[56 <./secciones/pinza_gripper_frontal.png> <./secciones/pinza_gripper_lateral.png> <./secciones/pinza_gripper_superior.png> <./images/dezlizador_frontal.png> <./images/dezlizador_lateral.png> <./images/dezlizador_superior.png> <./images/seguro_pinza_inf_frontal.png> <./images/seguro_pinza_inf_lateral.png> <./images/seguro_pinza_inf_superior.png> <./images/seguro_pinza_sup_frontal.png> <./images/seguro_pinza_sup_lateral.png> <./images/seguro_pinza_sup_superior.png>]

LaTeX Warning: Reference `fig:vistas_haptic1' on page 57 undefined on input line 254.


LaTeX Warning: Reference `fig:vistas_haptic2' on page 57 undefined on input line 254.


LaTeX Warning: Reference `fig:vistas_haptic3' on page 57 undefined on input line 254.

<images/pinza_anular_frontal.png, id=466, 1927.2pt x 853.1875pt>
File: images/pinza_anular_frontal.png Graphic file (type png)
<use images/pinza_anular_frontal.png>
Package pdftex.def Info: images/pinza_anular_frontal.png  used on input line 262.
(pdftex.def)             Requested size: 136.78122pt x 60.5494pt.
<images/pinza_anular_lateral.png, id=467, 1927.2pt x 853.1875pt>
File: images/pinza_anular_lateral.png Graphic file (type png)
<use images/pinza_anular_lateral.png>
Package pdftex.def Info: images/pinza_anular_lateral.png  used on input line 268.
(pdftex.def)             Requested size: 136.78122pt x 60.5494pt.
<images/pinza_anular_superior.png, id=468, 1927.2pt x 853.1875pt>
File: images/pinza_anular_superior.png Graphic file (type png)
<use images/pinza_anular_superior.png>
Package pdftex.def Info: images/pinza_anular_superior.png  used on input line 274.
(pdftex.def)             Requested size: 136.78122pt x 60.5494pt.
[57 <./images/ensamble_try3 v11.png> <./images/handegripp v6.png>]
<images/pinza_pulgar_frontal.png, id=477, 1927.2pt x 853.1875pt>
File: images/pinza_pulgar_frontal.png Graphic file (type png)
<use images/pinza_pulgar_frontal.png>
Package pdftex.def Info: images/pinza_pulgar_frontal.png  used on input line 287.
(pdftex.def)             Requested size: 136.78122pt x 60.5494pt.
<images/pinza_pulgar_lateral.png, id=478, 1927.2pt x 853.1875pt>
File: images/pinza_pulgar_lateral.png Graphic file (type png)
<use images/pinza_pulgar_lateral.png>
Package pdftex.def Info: images/pinza_pulgar_lateral.png  used on input line 293.
(pdftex.def)             Requested size: 136.78122pt x 60.5494pt.
<images/pinza_pulgar_superior.png, id=479, 1927.2pt x 853.1875pt>
File: images/pinza_pulgar_superior.png Graphic file (type png)
<use images/pinza_pulgar_superior.png>
Package pdftex.def Info: images/pinza_pulgar_superior.png  used on input line 299.
(pdftex.def)             Requested size: 136.78122pt x 60.5494pt.
<images/tapa_cilindro_frontal.png, id=480, 1927.2pt x 853.1875pt>
File: images/tapa_cilindro_frontal.png Graphic file (type png)
<use images/tapa_cilindro_frontal.png>
Package pdftex.def Info: images/tapa_cilindro_frontal.png  used on input line 313.
(pdftex.def)             Requested size: 136.78122pt x 60.5494pt.
<images/tapa_cilindro_lateral.png, id=481, 1927.2pt x 853.1875pt>
File: images/tapa_cilindro_lateral.png Graphic file (type png)
<use images/tapa_cilindro_lateral.png>
Package pdftex.def Info: images/tapa_cilindro_lateral.png  used on input line 319.
(pdftex.def)             Requested size: 136.78122pt x 60.5494pt.
<images/tapa_cilindro_superior.png, id=482, 1927.2pt x 853.1875pt>
File: images/tapa_cilindro_superior.png Graphic file (type png)
<use images/tapa_cilindro_superior.png>
Package pdftex.def Info: images/tapa_cilindro_superior.png  used on input line 325.
(pdftex.def)             Requested size: 136.78122pt x 60.5494pt.


LaTeX Warning: Reference `fig:vistas_pinza123' on page 58 undefined on input line 333.

<images/haptic_explo.png, id=483, 1927.2pt x 878.28125pt>
File: images/haptic_explo.png Graphic file (type png)
<use images/haptic_explo.png>
Package pdftex.def Info: images/haptic_explo.png  used on input line 340.
(pdftex.def)             Requested size: 209.44379pt x 95.4453pt.
<images/haptic_ensamble.png, id=484, 1927.2pt x 878.28125pt>
File: images/haptic_ensamble.png Graphic file (type png)
<use images/haptic_ensamble.png>
Package pdftex.def Info: images/haptic_ensamble.png  used on input line 346.
(pdftex.def)             Requested size: 209.44379pt x 95.4453pt.
) (./secciones/conclusiones.tex [58 <./images/pinza_anular_frontal.png> <./images/pinza_anular_lateral.png> <./images/pinza_anular_superior.png> <./images/pinza_pulgar_frontal.png> <./images/pinza_pulgar_lateral.png> <./images/pinza_pulgar_superior.png> <./images/tapa_cilindro_frontal.png> <./images/tapa_cilindro_lateral.png> <./images/tapa_cilindro_superior.png> <./images/haptic_explo.png> <./images/haptic_ensamble.png>] [59] [60

]) (./secciones/recomendaciones.tex [61]) (./main.bbl [62

]
** WARNING: IEEEtran.bst: No hyphenation pattern has been
** loaded for the language `es'. Using the pattern for
** the default language instead.
** WARNING: IEEEtran.bst: No hyphenation pattern has been
** loaded for the language `es'. Using the pattern for
** the default language instead.
[63

]
** WARNING: IEEEtran.bst: No hyphenation pattern has been
** loaded for the language `es'. Using the pattern for
** the default language instead.
** WARNING: IEEEtran.bst: No hyphenation pattern has been
** loaded for the language `es'. Using the pattern for
** the default language instead.
./main.bbl:80: Undefined control sequence.
<recently read> \copyrightdico 
                               
l.80   M\~A\copyrightdico (Lima)}}}
                                   , vol.~19, pp. 67 -- 72, 01 2019. [Online].
The control sequence at the end of the top line
of your error message was never \def'ed. If you have
misspelled it (e.g., `\hobx'), type `I' and the correct
spelling (e.g., `I\hbox'). Otherwise just continue,
and I'll forget about whatever was undefined.

./main.bbl:89: Misplaced alignment tab character &.
<argument> Surgical Laparoscopy, Endoscopy &
                                             Percutaneous Techniques
l.89   Techniques}
                  , vol.~20, pp. 49--56, 2010.
I can't figure out why you would want to use a tab mark
here. If you just want an ampersand, the remedy is
simple: Just type `I\&' now. But if some right brace
up above has ended a previous alignment prematurely,
you're probably due for more error messages, and you
might try typing `S' now just to see what is salvageable.

** WARNING: IEEEtran.bst: No hyphenation pattern has been
** loaded for the language `en'. Using the pattern for
** the default language instead.
** WARNING: IEEEtran.bst: No hyphenation pattern has been
** loaded for the language `en'. Using the pattern for
** the default language instead.
[64]
** WARNING: IEEEtran.bst: No hyphenation pattern has been
** loaded for the language `en'. Using the pattern for
** the default language instead.
** WARNING: IEEEtran.bst: No hyphenation pattern has been
** loaded for the language `en'. Using the pattern for
** the default language instead.
./main.bbl:121: Misplaced alignment tab character &.
<argument> Journal of Medical Engineering &
                                            Technology
l.121 ...nal of Medical Engineering & Technology}}
                                                  ,
I can't figure out why you would want to use a tab mark
here. If you just want an ampersand, the remedy is
simple: Just type `I\&' now. But if some right brace
up above has ended a previous alignment prematurely,
you're probably due for more error messages, and you
might try typing `S' now just to see what is salvageable.

./main.bbl:152: Misplaced alignment tab character &.
<argument> Journal of Visual Languages &
                                         Computing
l.152 ...{Journal of Visual Languages & Computing}
                                                  , vol.~20, no.~5, pp. 318-...
I can't figure out why you would want to use a tab mark
here. If you just want an ampersand, the remedy is
simple: Just type `I\&' now. But if some right brace
up above has ended a previous alignment prematurely,
you're probably due for more error messages, and you
might try typing `S' now just to see what is salvageable.


./main.bbl:166: LaTeX Error: Invalid UTF-8 byte sequence (.).

See the LaTeX manual or LaTeX Companion for explanation.
Type  H <return>  for immediate help.
 ...                                              
                                                  
l.166 B.-S. M. G.-.
                     I. G.-.~M. Laseca-Arranz~A, Sánchez-Dengra~B, ``Formu...
The document does not appear to be in UTF-8 encoding.
Try adding \UseRawInputEncoding as the first line of the file
or specify an encoding such as \usepackage [latin1]{inputenc}
in the document preamble.
Alternatively, save the file in UTF-8 using your editor or another tool


./main.bbl:166: LaTeX Error: Invalid UTF-8 byte sequence (.).

See the LaTeX manual or LaTeX Companion for explanation.
Type  H <return>  for immediate help.
 ...                                              
                                                  
l.166 B.-S. M. G.-. I. G.-.
                             ~M. Laseca-Arranz~A, Sánchez-Dengra~B, ``Formu...
The document does not appear to be in UTF-8 encoding.
Try adding \UseRawInputEncoding as the first line of the file
or specify an encoding such as \usepackage [latin1]{inputenc}
in the document preamble.
Alternatively, save the file in UTF-8 using your editor or another tool

[65]
** WARNING: IEEEtran.bst: No hyphenation pattern has been
** loaded for the language `es'. Using the pattern for
** the default language instead.
[66]) (./secciones/anexos.tex [67])

Package natbib Warning: There were undefined citations.

[68

] (./main.aux
LaTeX Info: Redefining \. on input line 26.
LaTeX Info: Redefining \% on input line 26.
LaTeX Info: Redefining \. on input line 28.
LaTeX Info: Redefining \% on input line 28.


Package natbib Warning: Citation(s) may have changed.
(natbib)                Rerun to get citations correct.

)

LaTeX Warning: There were undefined references.


LaTeX Warning: Label(s) may have changed. Rerun to get cross-references right.


Package rerunfilecheck Warning: File `main.out' has changed.
(rerunfilecheck)                Rerun to get outlines right
(rerunfilecheck)                or use package `bookmark'.

Package rerunfilecheck Info: Checksums for `main.out':
(rerunfilecheck)             Before: <no file>
(rerunfilecheck)             After:  A254D48FEC242969EAC9380617BADB66;14299.
 ) 
Here is how much of TeX's memory you used:
 31325 strings out of 480247
 597449 string characters out of 5896107
 906352 words of memory out of 5000000
 48416 multiletter control sequences out of 15000+600000
 480736 words of font info for 68 fonts, out of 8000000 for 9000
 14 hyphenation exceptions out of 8191
 84i,15n,89p,1553b,571s stack positions out of 5000i,500n,10000p,200000b,80000s
 </home/david/.texlive2021/texmf-var/fonts/pk/ljfour/public/amsfonts/symbols/msbm10.720pk> </home/david/.texlive2021/texmf-var/fonts/pk/ljfour/public/amsfonts/cmextra/cmmib6.600pk> </home/david/.texlive2021/texmf-var/fonts/pk/ljfour/public/cm/cmbx8.600pk> </home/david/.texlive2021/texmf-var/fonts/pk/ljfour/public/amsfonts/cmextra/cmbsy8.600pk> </home/david/.texlive2021/texmf-var/fonts/pk/ljfour/public/cm/cmmi6.600pk> </usr/share/texlive/texmf-dist/fonts/pk/ljfour/public/cm/dpi600/cmr6.pk> </home/david/.texlive2021/texmf-var/fonts/pk/ljfour/public/cm/cmsy8.600pk> </usr/share/texlive/texmf-dist/fonts/pk/ljfour/public/cm/dpi600/cmr8.pk> </home/david/.texlive2021/texmf-var/fonts/pk/ljfour/public/cm/cmsy10.720pk> </home/david/.texlive2021/texmf-var/fonts/pk/ljfour/public/amsfonts/cmextra/cmmib8.600pk> </home/david/.texlive2021/texmf-var/fonts/pk/ljfour/public/cm/cmmib10.720pk> </home/david/.texlive2021/texmf-var/fonts/pk/ljfour/public/cm/cmmi8.600pk> </home/david/.texlive2021/texmf-var/fonts/pk/ljfour/public/cm/cmex10.720pk> </home/david/.texlive2021/texmf-var/fonts/pk/ljfour/public/cm/cmmi12.600pk> </home/david/.texlive2021/texmf-var/fonts/pk/ljfour/public/cm/cmbx10.657pk> </home/david/.texlive2021/texmf-var/fonts/pk/ljfour/public/cm/cmr10.657pk> </home/david/.texlive2021/texmf-var/fonts/pk/ljfour/public/cm/cmcsc10.657pk> </home/david/.texlive2021/texmf-var/fonts/pk/ljfour/public/cm/cmbx12.600pk> </home/david/.texlive2021/texmf-var/fonts/pk/ljfour/jknappen/ec/tcrm1200.600pk> </home/david/.texlive2021/texmf-var/fonts/pk/ljfour/public/cm/cmcsc10.720pk> </home/david/.texlive2021/texmf-var/fonts/pk/ljfour/public/cm/cmsl12.600pk> </usr/share/texlive/texmf-dist/fonts/pk/ljfour/public/cm/dpi600/cmr12.pk> </home/david/.texlive2021/texmf-var/fonts/pk/ljfour/public/cm/cmti12.600pk> </home/david/.texlive2021/texmf-var/fonts/pk/ljfour/public/cm/cmbx12.864pk> </home/david/.texlive2021/texmf-var/fonts/pk/ljfour/public/cm/cmr12.720pk> </home/david/.texlive2021/texmf-var/fonts/pk/ljfour/public/cm/cmbx12.720pk>
Output written on main.pdf (74 pages, 7135943 bytes).
PDF statistics:
 1263 PDF objects out of 1440 (max. 8388607)
 563 compressed objects within 6 object streams
 214 named destinations out of 1000 (max. 500000)
 263 words of extra memory for PDF output out of 10000 (max. 10000000)

