\BOOKMARK [1][-]{chapter*.1}{\376\377\000R\000E\000S\000U\000M\000E\000N\000\040}{}% 1
\BOOKMARK [1][-]{chapter*.2}{\376\377\000A\000B\000S\000T\000R\000A\000C\000T\000\040}{}% 2
\BOOKMARK [1][-]{chapter*.3}{\376\377\000I\000N\000T\000R\000O\000D\000U\000C\000C\000I\000\323\000N\000\040}{}% 3
\BOOKMARK [1][-]{chapter*.3}{\376\377\000P\000r\000e\000s\000e\000n\000t\000a\000c\000i\000\363\000n\000\040\000d\000e\000l\000\040\000t\000e\000m\000a\000\040\000d\000e\000\040\000i\000n\000v\000e\000s\000t\000i\000g\000a\000c\000i\000\363\000n\000\040}{}% 4
\BOOKMARK [1][-]{chapter*.3}{\376\377\000D\000e\000s\000c\000r\000i\000p\000c\000i\000\363\000n\000\040\000d\000e\000\040\000l\000a\000\040\000s\000i\000t\000u\000a\000c\000i\000\363\000n\000\040\000p\000r\000o\000b\000l\000e\000m\000\341\000t\000i\000c\000a\000\040}{}% 5
\BOOKMARK [1][-]{figure.caption.4}{\376\377\000F\000o\000r\000m\000u\000l\000a\000c\000i\000\363\000n\000\040\000d\000e\000l\000\040\000p\000r\000o\000b\000l\000e\000m\000a\000\040}{}% 6
\BOOKMARK [1][-]{figure.caption.4}{\376\377\000O\000b\000j\000e\000t\000i\000v\000o\000s\000\040\000d\000e\000\040\000i\000n\000v\000e\000s\000t\000i\000g\000a\000c\000i\000\363\000n\000\040}{}% 7
\BOOKMARK [1][-]{figure.caption.4}{\376\377\000O\000b\000j\000e\000t\000i\000v\000o\000s\000\040\000e\000s\000p\000e\000c\000\355\000f\000i\000c\000o\000s\000\040}{}% 8
\BOOKMARK [1][-]{figure.caption.4}{\376\377\000J\000u\000s\000t\000i\000f\000i\000c\000a\000c\000i\000\363\000n\000\040}{}% 9
\BOOKMARK [1][-]{figure.caption.4}{\376\377\000A\000l\000c\000a\000n\000c\000e\000\040\000y\000\040\000l\000i\000m\000i\000t\000a\000c\000i\000o\000n\000e\000s\000\040\000/\000\040\000r\000e\000s\000t\000r\000i\000c\000c\000i\000o\000n\000e\000s\000\040}{}% 10
\BOOKMARK [0][-]{chapter.5}{\376\377\000I\000\040\000R\000E\000V\000I\000S\000I\000\323\000N\000\040\000C\000R\000\315\000T\000I\000C\000A\000\040\000D\000E\000\040\000L\000A\000\040\000L\000I\000T\000E\000R\000A\000T\000U\000R\000A}{}% 11
\BOOKMARK [1][-]{section.6}{\376\377\0001\000.\0001\000\040\000A\000n\000t\000e\000c\000e\000d\000e\000n\000t\000e\000s}{chapter.5}% 12
\BOOKMARK [1][-]{section.7}{\376\377\0001\000.\0002\000\040\000E\000s\000t\000a\000d\000o\000\040\000d\000e\000l\000\040\000A\000r\000t\000e}{chapter.5}% 13
\BOOKMARK [2][-]{subsection.8}{\376\377\0001\000.\0002\000.\0001\000\040\000S\000i\000s\000t\000e\000m\000a\000s\000\040\000r\000o\000b\000\363\000t\000i\000c\000o\000s\000\040\000t\000e\000l\000e\000o\000p\000e\000r\000a\000d\000o\000s}{section.7}% 14
\BOOKMARK [2][-]{subsection.9}{\376\377\0001\000.\0002\000.\0002\000\040\000S\000i\000s\000t\000e\000m\000a\000s\000\040\000r\000o\000b\000\363\000t\000i\000c\000o\000s\000\040\000a\000p\000l\000i\000c\000a\000d\000o\000s\000\040\000a\000\040\000c\000i\000r\000u\000g\000\355\000a\000s}{section.7}% 15
\BOOKMARK [2][-]{subsection.10}{\376\377\0001\000.\0002\000.\0003\000\040\000R\000e\000c\000o\000n\000o\000c\000i\000m\000i\000e\000n\000t\000o\000\040\000y\000\040\000v\000i\000s\000i\000\363\000n\000\040\000c\000o\000m\000p\000u\000t\000a\000c\000i\000o\000n\000a\000l\000\040\000e\000n\000\040\000c\000i\000r\000u\000g\000\355\000a\000s}{section.7}% 16
\BOOKMARK [2][-]{subsection.11}{\376\377\0001\000.\0002\000.\0004\000\040\000I\000n\000c\000l\000u\000s\000i\000\363\000n\000\040\000d\000e\000\040\000l\000a\000\040\000t\000e\000c\000n\000o\000l\000o\000g\000\355\000a\000\040\000H\000\341\000p\000t\000i\000c\000a}{section.7}% 17
\BOOKMARK [0][-]{chapter.12}{\376\377\000I\000I\000\040\000M\000A\000R\000C\000O\000\040\000T\000E\000\323\000R\000I\000C\000O}{}% 18
\BOOKMARK [1][-]{section.13}{\376\377\0002\000.\0001\000\040\000S\000u\000t\000u\000r\000a\000s\000\040\000e\000x\000t\000e\000r\000n\000a\000s}{chapter.12}% 19
\BOOKMARK [2][-]{subsection.14}{\376\377\0002\000.\0001\000.\0001\000\040\000H\000e\000r\000r\000a\000m\000i\000e\000n\000t\000a\000s\000\040\000c\000o\000m\000u\000n\000e\000s}{section.13}% 20
\BOOKMARK [2][-]{subsection.16}{\376\377\0002\000.\0001\000.\0002\000\040\000C\000a\000r\000a\000c\000t\000e\000r\000\355\000s\000t\000i\000c\000a\000s\000\040\000a\000\040\000c\000o\000n\000s\000i\000d\000e\000r\000a\000r}{section.13}% 21
\BOOKMARK [2][-]{subsection.18}{\376\377\0002\000.\0001\000.\0003\000\040\000T\000\351\000c\000n\000i\000c\000a\000s\000\040\000d\000e\000\040\000a\000p\000l\000i\000c\000a\000c\000i\000\363\000n\000\040\000d\000e\000\040\000s\000u\000t\000u\000r\000a\000s}{section.13}% 22
\BOOKMARK [1][-]{section.24}{\376\377\0002\000.\0002\000\040\000D\000e\000f\000i\000n\000i\000c\000i\000\363\000n\000\040\000d\000e\000\040\000l\000o\000s\000\040\000s\000i\000s\000t\000e\000m\000a\000s\000\040\000H\000\341\000p\000t\000i\000c\000o}{chapter.12}% 23
\BOOKMARK [2][-]{subsection.25}{\376\377\0002\000.\0002\000.\0001\000\040\000P\000r\000i\000n\000c\000i\000p\000i\000o\000s\000\040\000d\000e\000\040\000F\000u\000n\000c\000i\000o\000n\000a\000m\000i\000e\000n\000t\000o\000\040\000d\000e\000\040\000l\000a\000\040\000R\000e\000t\000r\000o\000a\000l\000i\000m\000e\000n\000t\000a\000c\000i\000\363\000n\000\040\000H\000\341\000p\000t\000i\000c\000a\000\040\000e\000n\000\040\000R\000o\000b\000\363\000t\000i\000c\000a}{section.24}% 24
\BOOKMARK [2][-]{subsection.26}{\376\377\0002\000.\0002\000.\0002\000\040\000C\000a\000r\000a\000c\000t\000e\000r\000i\000z\000a\000c\000i\000\363\000n\000\040\000T\000\351\000c\000n\000i\000c\000a\000\040\000d\000e\000l\000\040\000G\000e\000o\000m\000a\000g\000i\000c\000\040\000T\000o\000u\000c\000h}{section.24}% 25
\BOOKMARK [2][-]{subsection.29}{\376\377\0002\000.\0002\000.\0003\000\040\000I\000n\000t\000e\000r\000f\000a\000z\000\040\000H\000\341\000p\000t\000i\000c\000a\000-\000R\000o\000b\000\363\000t\000i\000c\000a\000\040\000p\000a\000r\000a\000\040\000P\000r\000o\000c\000e\000d\000i\000m\000i\000e\000n\000t\000o\000s\000\040\000M\000\351\000d\000i\000c\000o\000s}{section.24}% 26
\BOOKMARK [2][-]{subsection.30}{\376\377\0002\000.\0002\000.\0004\000\040\000A\000d\000a\000p\000t\000a\000c\000i\000\363\000n\000\040\000d\000e\000\040\000l\000o\000s\000\040\000M\000a\000n\000i\000p\000u\000l\000a\000d\000o\000r\000e\000s\000\040\000p\000a\000r\000a\000\040\000C\000o\000n\000t\000r\000o\000l\000\040\000d\000e\000\040\000S\000u\000t\000u\000r\000a\000\040\000m\000e\000d\000i\000a\000n\000t\000e\000\040\000H\000\341\000p\000t\000i\000c\000a}{section.24}% 27
\BOOKMARK [1][-]{section.32}{\376\377\0002\000.\0003\000\040\000M\000o\000d\000e\000l\000o\000\040\000C\000i\000n\000e\000m\000\341\000t\000i\000c\000o\000\040\000d\000e\000l\000\040\000r\000o\000b\000o\000t\000\040\000s\000e\000r\000i\000a\000l}{chapter.12}% 28
\BOOKMARK [2][-]{subsection.33}{\376\377\0002\000.\0003\000.\0001\000\040\000M\000a\000t\000r\000i\000z\000\040\000d\000e\000\040\000T\000r\000a\000n\000s\000f\000o\000r\000m\000a\000c\000i\000\363\000n}{section.32}% 29
\BOOKMARK [2][-]{subsection.39}{\376\377\0002\000.\0003\000.\0002\000\040\000C\000i\000n\000e\000m\000\341\000t\000i\000c\000a\000\040\000D\000i\000r\000e\000c\000t\000a}{section.32}% 30
\BOOKMARK [2][-]{subsection.42}{\376\377\0002\000.\0003\000.\0003\000\040\000M\000\351\000t\000o\000d\000o\000\040\000D\000e\000n\000a\000v\000i\000t\000-\000H\000a\000r\000t\000e\000n\000b\000e\000r\000g}{section.32}% 31
\BOOKMARK [2][-]{subsection.50}{\376\377\0002\000.\0003\000.\0004\000\040\000C\000i\000n\000e\000m\000\341\000t\000i\000c\000a\000\040\000I\000n\000v\000e\000r\000s\000a}{section.32}% 32
\BOOKMARK [1][-]{section.54}{\376\377\0002\000.\0004\000\040\000M\000o\000d\000e\000l\000o\000\040\000D\000i\000n\000\341\000m\000i\000c\000o\000\040\000d\000e\000l\000\040\000r\000o\000b\000o\000t\000\040\000s\000e\000r\000i\000a\000l\000\040}{chapter.12}% 33
\BOOKMARK [2][-]{subsection.55}{\376\377\0002\000.\0004\000.\0001\000\040\000N\000e\000w\000t\000o\000n\000\040\000E\000u\000l\000e\000r}{section.54}% 34
\BOOKMARK [1][-]{section.57}{\376\377\0002\000.\0005\000\040\000C\000o\000n\000t\000r\000o\000l\000\040\000p\000o\000r\000\040\000M\000o\000d\000o\000\040\000D\000e\000s\000l\000i\000z\000a\000n\000t\000e}{chapter.12}% 35
\BOOKMARK [2][-]{subsection.58}{\376\377\0002\000.\0005\000.\0001\000\040\000I\000n\000t\000r\000o\000d\000u\000c\000c\000i\000\363\000n\000\040\000a\000l\000\040\000c\000o\000n\000t\000r\000o\000l\000\040\000p\000o\000r\000\040\000m\000o\000d\000o\000\040\000d\000e\000s\000l\000i\000z\000a\000n\000t\000e\000\040\000\050\000S\000M\000C\000\051}{section.57}% 36
\BOOKMARK [2][-]{subsection.59}{\376\377\0002\000.\0005\000.\0002\000\040\000D\000i\000s\000e\000\361\000o\000\040\000d\000e\000l\000\040\000c\000o\000n\000t\000r\000o\000l\000\040\000S\000M\000C}{section.57}% 37
\BOOKMARK [1][-]{section.61}{\376\377\0002\000.\0006\000\040\000C\000o\000n\000t\000r\000o\000l\000\040\000p\000o\000r\000\040\000I\000m\000p\000e\000d\000a\000n\000c\000i\000a}{chapter.12}% 38
\BOOKMARK [0][-]{chapter.63}{\376\377\000I\000I\000I\000\040\000M\000A\000R\000C\000O\000\040\000R\000E\000F\000E\000R\000E\000N\000C\000I\000A\000L\000\040\000\050\000L\000E\000G\000A\000L\000,\000\040\000G\000E\000O\000G\000R\000\301\000F\000I\000C\000O\000,\000\040\000H\000I\000S\000T\000\323\000R\000I\000C\000O\000\051\000\040\000\050\000o\000p\000c\000i\000o\000n\000a\000l\000\051}{}% 39
\BOOKMARK [0][-]{chapter.64}{\376\377\000I\000V\000\040\000M\000A\000R\000C\000O\000\040\000M\000E\000T\000O\000D\000O\000L\000\323\000G\000I\000C\000O}{}% 40
\BOOKMARK [1][-]{section.65}{\376\377\0004\000.\0001\000\040\000M\000e\000t\000o\000d\000o\000l\000o\000g\000\355\000a\000\040\000d\000e\000\040\000d\000e\000s\000a\000r\000r\000o\000l\000l\000o\000\040\000b\000a\000s\000a\000d\000a\000\040\000e\000n\000\040\000l\000a\000\040\000n\000o\000r\000m\000a\000\040\000V\000D\000I\000\040\0002\0002\0000\0006}{chapter.64}% 41
\BOOKMARK [1][-]{section.71}{\376\377\0004\000.\0002\000\040\000D\000i\000s\000e\000\361\000o\000\040\000d\000e\000l\000\040\000s\000i\000s\000t\000e\000m\000a\000\040\000r\000o\000b\000\363\000t\000i\000c\000o}{chapter.64}% 42
\BOOKMARK [1][-]{section.73}{\376\377\0004\000.\0003\000\040\000I\000m\000p\000l\000e\000m\000e\000n\000t\000a\000c\000i\000\363\000n\000\040\000d\000e\000l\000\040\000s\000i\000s\000t\000e\000m\000a\000\040\000d\000e\000\040\000c\000o\000n\000t\000r\000o\000l}{chapter.64}% 43
\BOOKMARK [2][-]{subsection.74}{\376\377\0004\000.\0003\000.\0001\000\040\000C\000o\000n\000t\000r\000o\000l\000\040\000c\000o\000n\000\040\000o\000p\000t\000i\000m\000i\000z\000a\000c\000i\000\363\000n}{section.73}% 44
\BOOKMARK [1][-]{section.77}{\376\377\0004\000.\0004\000\040\000V\000a\000l\000i\000d\000a\000c\000i\000\363\000n\000\040\000e\000x\000p\000e\000r\000i\000m\000e\000n\000t\000a\000l}{chapter.64}% 45
\BOOKMARK [0][-]{chapter.78}{\376\377\000V\000\040\000R\000E\000S\000U\000L\000T\000A\000D\000O\000S}{}% 46
\BOOKMARK [1][-]{section.79}{\376\377\0005\000.\0001\000\040\000S\000i\000m\000u\000l\000a\000c\000i\000\363\000n\000\040\000d\000e\000l\000\040\000b\000r\000a\000z\000o\000\040\000r\000o\000b\000\363\000t\000i\000c\000o\000\040\000U\000R\0005\000\040\000e\000n\000\040\000G\000a\000z\000e\000b\000o}{chapter.78}% 47
\BOOKMARK [1][-]{section.81}{\376\377\0005\000.\0002\000\040\000D\000i\000s\000e\000\361\000o\000\040\000d\000e\000\040\000c\000o\000n\000t\000r\000o\000l\000a\000d\000o\000r\000\040\000p\000o\000r\000\040\000c\000i\000n\000e\000m\000\341\000t\000i\000c\000a\000\040\000i\000n\000v\000e\000r\000s\000a\000\040\000y\000\040\000d\000i\000f\000e\000r\000e\000n\000c\000i\000a\000l}{chapter.78}% 48
\BOOKMARK [1][-]{section.84}{\376\377\0005\000.\0003\000\040\000I\000n\000t\000e\000g\000r\000a\000c\000i\000\363\000n\000\040\000d\000e\000l\000\040\000d\000i\000s\000p\000o\000s\000i\000t\000i\000v\000o\000\040\000h\000\341\000p\000t\000i\000c\000o\000\040\000p\000a\000r\000a\000\040\000l\000a\000\040\000t\000e\000l\000e\000o\000p\000e\000r\000a\000c\000i\000\363\000n\000\040\000d\000e\000l\000\040\000e\000f\000e\000c\000t\000o\000r\000\040\000f\000i\000n\000a\000l}{chapter.78}% 49
\BOOKMARK [1][-]{section.90}{\376\377\0005\000.\0004\000\040\000I\000n\000t\000e\000g\000r\000a\000c\000i\000\363\000n\000\040\000d\000e\000\040\000t\000e\000l\000e\000o\000p\000e\000r\000a\000c\000i\000\363\000n\000\040\000y\000\040\000c\000o\000n\000t\000r\000o\000l\000\040\000p\000o\000r\000\040\000o\000p\000t\000i\000m\000i\000z\000a\000c\000i\000\363\000n\000\040\000e\000n\000\040\000e\000n\000t\000o\000r\000n\000o\000\040\000f\000\355\000s\000i\000c\000o}{chapter.78}% 50
\BOOKMARK [1][-]{section.95}{\376\377\0005\000.\0005\000\040\000D\000i\000s\000e\000\361\000o\000\040\000y\000\040\000f\000a\000b\000r\000i\000c\000a\000c\000i\000\363\000n\000\040\000d\000e\000l\000\040\000a\000d\000a\000p\000t\000a\000d\000o\000r\000\040\000d\000e\000\040\000u\000n\000a\000\040\000p\000i\000n\000z\000a\000\040\000g\000e\000n\000\351\000r\000i\000c\000a\000\040\000p\000a\000r\000a\000\040\000e\000l\000\040\000g\000r\000i\000p\000p\000e\000r\000\040\000R\000o\000b\000o\000t\000i\000q\000\040\0002\000F\040\021\0008\0005\000\040\000p\000a\000r\000a\000\040\000U\000R\0005}{chapter.78}% 51
\BOOKMARK [1][-]{section.101}{\376\377\0005\000.\0006\000\040\000D\000i\000s\000e\000\361\000o\000\040\000y\000\040\000f\000a\000b\000r\000i\000c\000a\000c\000i\000\363\000n\000\040\000d\000e\000l\000\040\000a\000d\000a\000p\000t\000a\000d\000o\000r\000\040\000d\000e\000\040\000a\000g\000a\000r\000r\000e\000\040\000p\000a\000r\000a\000\040\000e\000l\000\040\000e\000f\000e\000c\000t\000o\000r\000\040\000f\000i\000n\000a\000l\000\040\000d\000e\000l\000\040\000G\000e\000o\000m\000a\000g\000i\000c\000\040\000T\000o\000u\000c\000h}{chapter.78}% 52
\BOOKMARK [1][-]{section.106}{\376\377\0005\000.\0007\000\040\000P\000r\000u\000e\000b\000a\000s\000\040\000c\000o\000n\000\040\000e\000l\000\040\000b\000a\000n\000c\000o\000\040\000d\000e\000\040\000t\000r\000a\000b\000a\000j\000o}{chapter.78}% 53
\BOOKMARK [1][-]{chapter*.107}{\376\377\000C\000O\000N\000C\000L\000U\000S\000I\000O\000N\000E\000S\000\040}{chapter.78}% 54
\BOOKMARK [1][-]{chapter*.108}{\376\377\000R\000E\000C\000O\000M\000E\000N\000D\000A\000C\000I\000O\000N\000E\000S}{chapter.78}% 55
\BOOKMARK [1][-]{chapter*.110}{\376\377\000A\000N\000E\000X\000O\000S}{chapter.78}% 56
